<?xml version="1.0" encoding="UTF-8"?>
<!-- Generated by org.testng.reporters.JUnitXMLReporter -->
<testsuite hostname="Isha58" ignored="0" name="Test" tests="22" failures="12" timestamp="2022-04-04T14:37:41 IST" time="739.916" errors="0">
  <testcase name="bikeHondaVisbleTest" time="20.288" classname="testCase_ManufacturerFunctionality.viewHondaBikesTest">
    <failure type="java.lang.AssertionError" message="chrome not reachable
  (Session info: chrome=100.0.4896.60)
Build info: version: &amp;apos;3.141.59&amp;apos;, revision: &amp;apos;e82be7d358&amp;apos;, time: &amp;apos;2018-11-14T08:17:03&amp;apos;
System info: host: &amp;apos;ISHA58&amp;apos;, ip: &amp;apos;192.168.134.1&amp;apos;, os.name: &amp;apos;Windows 10&amp;apos;, os.arch: &amp;apos;amd64&amp;apos;, os.version: &amp;apos;10.0&amp;apos;, java.version: &amp;apos;1.8.0_291&amp;apos;
Driver info: org.openqa.selenium.chrome.ChromeDriver
Capabilities {acceptInsecureCerts: false, browserName: chrome, browserVersion: 100.0.4896.60, chrome: {chromedriverVersion: 100.0.4896.60 (6a5d10861ce8..., userDataDir: C:\Users\YOGESH~1\AppData\L...}, goog:chromeOptions: {debuggerAddress: localhost:52174}, javascriptEnabled: true, networkConnectionEnabled: false, pageLoadStrategy: normal, platform: WINDOWS, platformName: WINDOWS, proxy: Proxy(), setWindowRect: true, strictFileInteractability: false, timeouts: {implicit: 0, pageLoad: 300000, script: 30000}, unhandledPromptBehavior: dismiss and notify, webauthn:extension:credBlob: true, webauthn:extension:largeBlob: true, webauthn:virtualAuthenticators: true}
Session ID: 940741330deca0ca160c9f8b9281efbc
*** Element info: {Using=id, value=alternate-login-close}">
      <![CDATA[java.lang.AssertionError: chrome not reachable
  (Session info: chrome=100.0.4896.60)
Build info: version: '3.141.59', revision: 'e82be7d358', time: '2018-11-14T08:17:03'
System info: host: 'ISHA58', ip: '192.168.134.1', os.name: 'Windows 10', os.arch: 'amd64', os.version: '10.0', java.version: '1.8.0_291'
Driver info: org.openqa.selenium.chrome.ChromeDriver
Capabilities {acceptInsecureCerts: false, browserName: chrome, browserVersion: 100.0.4896.60, chrome: {chromedriverVersion: 100.0.4896.60 (6a5d10861ce8..., userDataDir: C:\Users\YOGESH~1\AppData\L...}, goog:chromeOptions: {debuggerAddress: localhost:52174}, javascriptEnabled: true, networkConnectionEnabled: false, pageLoadStrategy: normal, platform: WINDOWS, platformName: WINDOWS, proxy: Proxy(), setWindowRect: true, strictFileInteractability: false, timeouts: {implicit: 0, pageLoad: 300000, script: 30000}, unhandledPromptBehavior: dismiss and notify, webauthn:extension:credBlob: true, webauthn:extension:largeBlob: true, webauthn:virtualAuthenticators: true}
Session ID: 940741330deca0ca160c9f8b9281efbc
*** Element info: {Using=id, value=alternate-login-close}
at BaseClasses.PageBaseClass.reportFail(PageBaseClass.java:53)
at BaseClasses.PageBaseClass.getElement(PageBaseClass.java:167)
at BaseClasses.PageBaseClass.explicitlyWait(PageBaseClass.java:190)
at Pages.LandingPage.clickLoginClose(LandingPage.java:103)
at testCase_ManufacturerFunctionality.viewHondaBikesTest.bikeHondaVisbleTest(viewHondaBikesTest.java:27)
at java.util.ArrayList.forEach(ArrayList.java:1259)
... Removed 32 stack frames]]>
    </failure>
  </testcase> <!-- bikeHondaVisbleTest -->
  <testcase name="GoogleInvalidPasswordTest" time="24.51" classname="testCase_loginSignupFunctionality.LoginWithGoogleInvalidPasswordTest">
    <failure type="java.lang.AssertionError" message="chrome not reachable
  (Session info: chrome=100.0.4896.60)
Build info: version: &amp;apos;3.141.59&amp;apos;, revision: &amp;apos;e82be7d358&amp;apos;, time: &amp;apos;2018-11-14T08:17:03&amp;apos;
System info: host: &amp;apos;ISHA58&amp;apos;, ip: &amp;apos;192.168.134.1&amp;apos;, os.name: &amp;apos;Windows 10&amp;apos;, os.arch: &amp;apos;amd64&amp;apos;, os.version: &amp;apos;10.0&amp;apos;, java.version: &amp;apos;1.8.0_291&amp;apos;
Driver info: org.openqa.selenium.chrome.ChromeDriver
Capabilities {acceptInsecureCerts: false, browserName: chrome, browserVersion: 100.0.4896.60, chrome: {chromedriverVersion: 100.0.4896.60 (6a5d10861ce8..., userDataDir: C:\Users\YOGESH~1\AppData\L...}, goog:chromeOptions: {debuggerAddress: localhost:56718}, javascriptEnabled: true, networkConnectionEnabled: false, pageLoadStrategy: normal, platform: WINDOWS, platformName: WINDOWS, proxy: Proxy(), setWindowRect: true, strictFileInteractability: false, timeouts: {implicit: 0, pageLoad: 300000, script: 30000}, unhandledPromptBehavior: dismiss and notify, webauthn:extension:credBlob: true, webauthn:extension:largeBlob: true, webauthn:virtualAuthenticators: true}
Session ID: 866aca07eb3ff325d65c82917ff4e673
*** Element info: {Using=id, value=forum_login_title_lg}">
      <![CDATA[java.lang.AssertionError: chrome not reachable
  (Session info: chrome=100.0.4896.60)
Build info: version: '3.141.59', revision: 'e82be7d358', time: '2018-11-14T08:17:03'
System info: host: 'ISHA58', ip: '192.168.134.1', os.name: 'Windows 10', os.arch: 'amd64', os.version: '10.0', java.version: '1.8.0_291'
Driver info: org.openqa.selenium.chrome.ChromeDriver
Capabilities {acceptInsecureCerts: false, browserName: chrome, browserVersion: 100.0.4896.60, chrome: {chromedriverVersion: 100.0.4896.60 (6a5d10861ce8..., userDataDir: C:\Users\YOGESH~1\AppData\L...}, goog:chromeOptions: {debuggerAddress: localhost:56718}, javascriptEnabled: true, networkConnectionEnabled: false, pageLoadStrategy: normal, platform: WINDOWS, platformName: WINDOWS, proxy: Proxy(), setWindowRect: true, strictFileInteractability: false, timeouts: {implicit: 0, pageLoad: 300000, script: 30000}, unhandledPromptBehavior: dismiss and notify, webauthn:extension:credBlob: true, webauthn:extension:largeBlob: true, webauthn:virtualAuthenticators: true}
Session ID: 866aca07eb3ff325d65c82917ff4e673
*** Element info: {Using=id, value=forum_login_title_lg}
at BaseClasses.PageBaseClass.reportFail(PageBaseClass.java:53)
at BaseClasses.PageBaseClass.getElement(PageBaseClass.java:167)
at BaseClasses.PageBaseClass.elementClick(PageBaseClass.java:177)
at Pages.LandingPage.clickLoginSignupButton(LandingPage.java:85)
at testCase_loginSignupFunctionality.LoginWithGoogleInvalidPasswordTest.GoogleInvalidPasswordTest(LoginWithGoogleInvalidPasswordTest.java:31)
at java.util.ArrayList.forEach(ArrayList.java:1259)
... Removed 32 stack frames]]>
    </failure>
  </testcase> <!-- GoogleInvalidPasswordTest -->
  <testcase name="alertMeTest" time="18.672" classname="testCase_UpcomingBikesDetails.alertMeLaunchTest">
    <failure type="java.lang.AssertionError" message="chrome not reachable
  (Session info: chrome=100.0.4896.60)
Build info: version: &amp;apos;3.141.59&amp;apos;, revision: &amp;apos;e82be7d358&amp;apos;, time: &amp;apos;2018-11-14T08:17:03&amp;apos;
System info: host: &amp;apos;ISHA58&amp;apos;, ip: &amp;apos;192.168.134.1&amp;apos;, os.name: &amp;apos;Windows 10&amp;apos;, os.arch: &amp;apos;amd64&amp;apos;, os.version: &amp;apos;10.0&amp;apos;, java.version: &amp;apos;1.8.0_291&amp;apos;
Driver info: org.openqa.selenium.chrome.ChromeDriver
Capabilities {acceptInsecureCerts: false, browserName: chrome, browserVersion: 100.0.4896.60, chrome: {chromedriverVersion: 100.0.4896.60 (6a5d10861ce8..., userDataDir: C:\Users\YOGESH~1\AppData\L...}, goog:chromeOptions: {debuggerAddress: localhost:56830}, javascriptEnabled: true, networkConnectionEnabled: false, pageLoadStrategy: normal, platform: WINDOWS, platformName: WINDOWS, proxy: Proxy(), setWindowRect: true, strictFileInteractability: false, timeouts: {implicit: 0, pageLoad: 300000, script: 30000}, unhandledPromptBehavior: dismiss and notify, webauthn:extension:credBlob: true, webauthn:extension:largeBlob: true, webauthn:virtualAuthenticators: true}
Session ID: 30669dadaf8da8242d8ff46fe1db8b4f
*** Element info: {Using=id, value=alternate-login-close}">
      <![CDATA[java.lang.AssertionError: chrome not reachable
  (Session info: chrome=100.0.4896.60)
Build info: version: '3.141.59', revision: 'e82be7d358', time: '2018-11-14T08:17:03'
System info: host: 'ISHA58', ip: '192.168.134.1', os.name: 'Windows 10', os.arch: 'amd64', os.version: '10.0', java.version: '1.8.0_291'
Driver info: org.openqa.selenium.chrome.ChromeDriver
Capabilities {acceptInsecureCerts: false, browserName: chrome, browserVersion: 100.0.4896.60, chrome: {chromedriverVersion: 100.0.4896.60 (6a5d10861ce8..., userDataDir: C:\Users\YOGESH~1\AppData\L...}, goog:chromeOptions: {debuggerAddress: localhost:56830}, javascriptEnabled: true, networkConnectionEnabled: false, pageLoadStrategy: normal, platform: WINDOWS, platformName: WINDOWS, proxy: Proxy(), setWindowRect: true, strictFileInteractability: false, timeouts: {implicit: 0, pageLoad: 300000, script: 30000}, unhandledPromptBehavior: dismiss and notify, webauthn:extension:credBlob: true, webauthn:extension:largeBlob: true, webauthn:virtualAuthenticators: true}
Session ID: 30669dadaf8da8242d8ff46fe1db8b4f
*** Element info: {Using=id, value=alternate-login-close}
at BaseClasses.PageBaseClass.reportFail(PageBaseClass.java:53)
at BaseClasses.PageBaseClass.getElement(PageBaseClass.java:167)
at BaseClasses.PageBaseClass.explicitlyWait(PageBaseClass.java:190)
at Pages.LandingPage.clickLoginClose(LandingPage.java:103)
at testCase_UpcomingBikesDetails.alertMeLaunchTest.alertMeTest(alertMeLaunchTest.java:27)
at java.util.ArrayList.forEach(ArrayList.java:1259)
... Removed 32 stack frames]]>
    </failure>
  </testcase> <!-- alertMeTest -->
  <testcase name="FacebookInvalidEmailLoginTest" time="16.689" classname="testCase_loginSignupFunctionality.LoginWithFacebookInvalidEmailTest">
    <failure type="java.lang.AssertionError" message="chrome not reachable
  (Session info: chrome=100.0.4896.60)
Build info: version: &amp;apos;3.141.59&amp;apos;, revision: &amp;apos;e82be7d358&amp;apos;, time: &amp;apos;2018-11-14T08:17:03&amp;apos;
System info: host: &amp;apos;ISHA58&amp;apos;, ip: &amp;apos;192.168.134.1&amp;apos;, os.name: &amp;apos;Windows 10&amp;apos;, os.arch: &amp;apos;amd64&amp;apos;, os.version: &amp;apos;10.0&amp;apos;, java.version: &amp;apos;1.8.0_291&amp;apos;
Driver info: org.openqa.selenium.chrome.ChromeDriver
Capabilities {acceptInsecureCerts: false, browserName: chrome, browserVersion: 100.0.4896.60, chrome: {chromedriverVersion: 100.0.4896.60 (6a5d10861ce8..., userDataDir: C:\Users\YOGESH~1\AppData\L...}, goog:chromeOptions: {debuggerAddress: localhost:51854}, javascriptEnabled: true, networkConnectionEnabled: false, pageLoadStrategy: normal, platform: WINDOWS, platformName: WINDOWS, proxy: Proxy(), setWindowRect: true, strictFileInteractability: false, timeouts: {implicit: 0, pageLoad: 300000, script: 30000}, unhandledPromptBehavior: dismiss and notify, webauthn:extension:credBlob: true, webauthn:extension:largeBlob: true, webauthn:virtualAuthenticators: true}
Session ID: 1f3e3ef3429b32e77d179aae85296a1d
*** Element info: {Using=id, value=forum_login_title_lg}">
      <![CDATA[java.lang.AssertionError: chrome not reachable
  (Session info: chrome=100.0.4896.60)
Build info: version: '3.141.59', revision: 'e82be7d358', time: '2018-11-14T08:17:03'
System info: host: 'ISHA58', ip: '192.168.134.1', os.name: 'Windows 10', os.arch: 'amd64', os.version: '10.0', java.version: '1.8.0_291'
Driver info: org.openqa.selenium.chrome.ChromeDriver
Capabilities {acceptInsecureCerts: false, browserName: chrome, browserVersion: 100.0.4896.60, chrome: {chromedriverVersion: 100.0.4896.60 (6a5d10861ce8..., userDataDir: C:\Users\YOGESH~1\AppData\L...}, goog:chromeOptions: {debuggerAddress: localhost:51854}, javascriptEnabled: true, networkConnectionEnabled: false, pageLoadStrategy: normal, platform: WINDOWS, platformName: WINDOWS, proxy: Proxy(), setWindowRect: true, strictFileInteractability: false, timeouts: {implicit: 0, pageLoad: 300000, script: 30000}, unhandledPromptBehavior: dismiss and notify, webauthn:extension:credBlob: true, webauthn:extension:largeBlob: true, webauthn:virtualAuthenticators: true}
Session ID: 1f3e3ef3429b32e77d179aae85296a1d
*** Element info: {Using=id, value=forum_login_title_lg}
at BaseClasses.PageBaseClass.reportFail(PageBaseClass.java:53)
at BaseClasses.PageBaseClass.getElement(PageBaseClass.java:167)
at BaseClasses.PageBaseClass.elementClick(PageBaseClass.java:177)
at Pages.LandingPage.clickLoginSignupButton(LandingPage.java:85)
at testCase_loginSignupFunctionality.LoginWithFacebookInvalidEmailTest.FacebookInvalidEmailLoginTest(LoginWithFacebookInvalidEmailTest.java:32)
at java.util.ArrayList.forEach(ArrayList.java:1259)
... Removed 32 stack frames]]>
    </failure>
  </testcase> <!-- FacebookInvalidEmailLoginTest -->
  <testcase name="usedCarsVisibleTest" time="16.795" classname="testCase_UsedCarsFunctionality.usedCarsTabVisibleTest">
    <failure type="java.lang.AssertionError" message="chrome not reachable
  (Session info: chrome=100.0.4896.60)
Build info: version: &amp;apos;3.141.59&amp;apos;, revision: &amp;apos;e82be7d358&amp;apos;, time: &amp;apos;2018-11-14T08:17:03&amp;apos;
System info: host: &amp;apos;ISHA58&amp;apos;, ip: &amp;apos;192.168.134.1&amp;apos;, os.name: &amp;apos;Windows 10&amp;apos;, os.arch: &amp;apos;amd64&amp;apos;, os.version: &amp;apos;10.0&amp;apos;, java.version: &amp;apos;1.8.0_291&amp;apos;
Driver info: org.openqa.selenium.chrome.ChromeDriver
Capabilities {acceptInsecureCerts: false, browserName: chrome, browserVersion: 100.0.4896.60, chrome: {chromedriverVersion: 100.0.4896.60 (6a5d10861ce8..., userDataDir: C:\Users\YOGESH~1\AppData\L...}, goog:chromeOptions: {debuggerAddress: localhost:51895}, javascriptEnabled: true, networkConnectionEnabled: false, pageLoadStrategy: normal, platform: WINDOWS, platformName: WINDOWS, proxy: Proxy(), setWindowRect: true, strictFileInteractability: false, timeouts: {implicit: 0, pageLoad: 300000, script: 30000}, unhandledPromptBehavior: dismiss and notify, webauthn:extension:credBlob: true, webauthn:extension:largeBlob: true, webauthn:virtualAuthenticators: true}
Session ID: a573a8720b0e8c0617c07a2c89cf48d0
*** Element info: {Using=id, value=alternate-login-close}">
      <![CDATA[java.lang.AssertionError: chrome not reachable
  (Session info: chrome=100.0.4896.60)
Build info: version: '3.141.59', revision: 'e82be7d358', time: '2018-11-14T08:17:03'
System info: host: 'ISHA58', ip: '192.168.134.1', os.name: 'Windows 10', os.arch: 'amd64', os.version: '10.0', java.version: '1.8.0_291'
Driver info: org.openqa.selenium.chrome.ChromeDriver
Capabilities {acceptInsecureCerts: false, browserName: chrome, browserVersion: 100.0.4896.60, chrome: {chromedriverVersion: 100.0.4896.60 (6a5d10861ce8..., userDataDir: C:\Users\YOGESH~1\AppData\L...}, goog:chromeOptions: {debuggerAddress: localhost:51895}, javascriptEnabled: true, networkConnectionEnabled: false, pageLoadStrategy: normal, platform: WINDOWS, platformName: WINDOWS, proxy: Proxy(), setWindowRect: true, strictFileInteractability: false, timeouts: {implicit: 0, pageLoad: 300000, script: 30000}, unhandledPromptBehavior: dismiss and notify, webauthn:extension:credBlob: true, webauthn:extension:largeBlob: true, webauthn:virtualAuthenticators: true}
Session ID: a573a8720b0e8c0617c07a2c89cf48d0
*** Element info: {Using=id, value=alternate-login-close}
at BaseClasses.PageBaseClass.reportFail(PageBaseClass.java:53)
at BaseClasses.PageBaseClass.getElement(PageBaseClass.java:167)
at BaseClasses.PageBaseClass.explicitlyWait(PageBaseClass.java:190)
at Pages.LandingPage.clickLoginClose(LandingPage.java:103)
at testCase_UsedCarsFunctionality.usedCarsTabVisibleTest.usedCarsVisibleTest(usedCarsTabVisibleTest.java:28)
at java.util.ArrayList.forEach(ArrayList.java:1259)
... Removed 32 stack frames]]>
    </failure>
  </testcase> <!-- usedCarsVisibleTest -->
  <testcase name="manufacturerVisbleTest" time="25.937" classname="testCase_ManufacturerFunctionality.manufacturerDropdownVisibleTest">
    <failure type="java.lang.AssertionError" message="chrome not reachable
  (Session info: chrome=100.0.4896.60)
Build info: version: &amp;apos;3.141.59&amp;apos;, revision: &amp;apos;e82be7d358&amp;apos;, time: &amp;apos;2018-11-14T08:17:03&amp;apos;
System info: host: &amp;apos;ISHA58&amp;apos;, ip: &amp;apos;192.168.134.1&amp;apos;, os.name: &amp;apos;Windows 10&amp;apos;, os.arch: &amp;apos;amd64&amp;apos;, os.version: &amp;apos;10.0&amp;apos;, java.version: &amp;apos;1.8.0_291&amp;apos;
Driver info: org.openqa.selenium.chrome.ChromeDriver
Capabilities {acceptInsecureCerts: false, browserName: chrome, browserVersion: 100.0.4896.60, chrome: {chromedriverVersion: 100.0.4896.60 (6a5d10861ce8..., userDataDir: C:\Users\YOGESH~1\AppData\L...}, goog:chromeOptions: {debuggerAddress: localhost:51937}, javascriptEnabled: true, networkConnectionEnabled: false, pageLoadStrategy: normal, platform: WINDOWS, platformName: WINDOWS, proxy: Proxy(), setWindowRect: true, strictFileInteractability: false, timeouts: {implicit: 0, pageLoad: 300000, script: 30000}, unhandledPromptBehavior: dismiss and notify, webauthn:extension:credBlob: true, webauthn:extension:largeBlob: true, webauthn:virtualAuthenticators: true}
Session ID: 3a4ceece6660523185b8319ab2816183
*** Element info: {Using=id, value=alternate-login-close}">
      <![CDATA[java.lang.AssertionError: chrome not reachable
  (Session info: chrome=100.0.4896.60)
Build info: version: '3.141.59', revision: 'e82be7d358', time: '2018-11-14T08:17:03'
System info: host: 'ISHA58', ip: '192.168.134.1', os.name: 'Windows 10', os.arch: 'amd64', os.version: '10.0', java.version: '1.8.0_291'
Driver info: org.openqa.selenium.chrome.ChromeDriver
Capabilities {acceptInsecureCerts: false, browserName: chrome, browserVersion: 100.0.4896.60, chrome: {chromedriverVersion: 100.0.4896.60 (6a5d10861ce8..., userDataDir: C:\Users\YOGESH~1\AppData\L...}, goog:chromeOptions: {debuggerAddress: localhost:51937}, javascriptEnabled: true, networkConnectionEnabled: false, pageLoadStrategy: normal, platform: WINDOWS, platformName: WINDOWS, proxy: Proxy(), setWindowRect: true, strictFileInteractability: false, timeouts: {implicit: 0, pageLoad: 300000, script: 30000}, unhandledPromptBehavior: dismiss and notify, webauthn:extension:credBlob: true, webauthn:extension:largeBlob: true, webauthn:virtualAuthenticators: true}
Session ID: 3a4ceece6660523185b8319ab2816183
*** Element info: {Using=id, value=alternate-login-close}
at BaseClasses.PageBaseClass.reportFail(PageBaseClass.java:53)
at BaseClasses.PageBaseClass.getElement(PageBaseClass.java:167)
at BaseClasses.PageBaseClass.explicitlyWait(PageBaseClass.java:190)
at Pages.LandingPage.clickLoginClose(LandingPage.java:103)
at testCase_ManufacturerFunctionality.manufacturerDropdownVisibleTest.manufacturerVisbleTest(manufacturerDropdownVisibleTest.java:27)
at java.util.ArrayList.forEach(ArrayList.java:1259)
... Removed 32 stack frames]]>
    </failure>
  </testcase> <!-- manufacturerVisbleTest -->
  <testcase name="usedCarsViewSellerTest" time="23.609" classname="testCase_UsedCarsFunctionality.viewSellerDetailsTest">
    <failure type="java.lang.AssertionError" message="chrome not reachable
  (Session info: chrome=100.0.4896.60)
Build info: version: &amp;apos;3.141.59&amp;apos;, revision: &amp;apos;e82be7d358&amp;apos;, time: &amp;apos;2018-11-14T08:17:03&amp;apos;
System info: host: &amp;apos;ISHA58&amp;apos;, ip: &amp;apos;192.168.134.1&amp;apos;, os.name: &amp;apos;Windows 10&amp;apos;, os.arch: &amp;apos;amd64&amp;apos;, os.version: &amp;apos;10.0&amp;apos;, java.version: &amp;apos;1.8.0_291&amp;apos;
Driver info: org.openqa.selenium.chrome.ChromeDriver
Capabilities {acceptInsecureCerts: false, browserName: chrome, browserVersion: 100.0.4896.60, chrome: {chromedriverVersion: 100.0.4896.60 (6a5d10861ce8..., userDataDir: C:\Users\YOGESH~1\AppData\L...}, goog:chromeOptions: {debuggerAddress: localhost:51984}, javascriptEnabled: true, networkConnectionEnabled: false, pageLoadStrategy: normal, platform: WINDOWS, platformName: WINDOWS, proxy: Proxy(), setWindowRect: true, strictFileInteractability: false, timeouts: {implicit: 0, pageLoad: 300000, script: 30000}, unhandledPromptBehavior: dismiss and notify, webauthn:extension:credBlob: true, webauthn:extension:largeBlob: true, webauthn:virtualAuthenticators: true}
Session ID: 584129fda5fe48b9892e29870e359099
*** Element info: {Using=id, value=alternate-login-close}">
      <![CDATA[java.lang.AssertionError: chrome not reachable
  (Session info: chrome=100.0.4896.60)
Build info: version: '3.141.59', revision: 'e82be7d358', time: '2018-11-14T08:17:03'
System info: host: 'ISHA58', ip: '192.168.134.1', os.name: 'Windows 10', os.arch: 'amd64', os.version: '10.0', java.version: '1.8.0_291'
Driver info: org.openqa.selenium.chrome.ChromeDriver
Capabilities {acceptInsecureCerts: false, browserName: chrome, browserVersion: 100.0.4896.60, chrome: {chromedriverVersion: 100.0.4896.60 (6a5d10861ce8..., userDataDir: C:\Users\YOGESH~1\AppData\L...}, goog:chromeOptions: {debuggerAddress: localhost:51984}, javascriptEnabled: true, networkConnectionEnabled: false, pageLoadStrategy: normal, platform: WINDOWS, platformName: WINDOWS, proxy: Proxy(), setWindowRect: true, strictFileInteractability: false, timeouts: {implicit: 0, pageLoad: 300000, script: 30000}, unhandledPromptBehavior: dismiss and notify, webauthn:extension:credBlob: true, webauthn:extension:largeBlob: true, webauthn:virtualAuthenticators: true}
Session ID: 584129fda5fe48b9892e29870e359099
*** Element info: {Using=id, value=alternate-login-close}
at BaseClasses.PageBaseClass.reportFail(PageBaseClass.java:53)
at BaseClasses.PageBaseClass.getElement(PageBaseClass.java:167)
at BaseClasses.PageBaseClass.explicitlyWait(PageBaseClass.java:190)
at Pages.LandingPage.clickLoginClose(LandingPage.java:103)
at testCase_UsedCarsFunctionality.viewSellerDetailsTest.usedCarsViewSellerTest(viewSellerDetailsTest.java:28)
at java.util.ArrayList.forEach(ArrayList.java:1259)
... Removed 32 stack frames]]>
    </failure>
  </testcase> <!-- usedCarsViewSellerTest -->
  <testcase name="upcomingBikesTest" time="32.933" classname="testCase_NewBikesFunctionality.upcomingBikesUnder4LakhTest">
    <failure type="java.lang.AssertionError" message="chrome not reachable
  (Session info: chrome=100.0.4896.60)
Build info: version: &amp;apos;3.141.59&amp;apos;, revision: &amp;apos;e82be7d358&amp;apos;, time: &amp;apos;2018-11-14T08:17:03&amp;apos;
System info: host: &amp;apos;ISHA58&amp;apos;, ip: &amp;apos;192.168.134.1&amp;apos;, os.name: &amp;apos;Windows 10&amp;apos;, os.arch: &amp;apos;amd64&amp;apos;, os.version: &amp;apos;10.0&amp;apos;, java.version: &amp;apos;1.8.0_291&amp;apos;
Driver info: org.openqa.selenium.chrome.ChromeDriver
Capabilities {acceptInsecureCerts: false, browserName: chrome, browserVersion: 100.0.4896.60, chrome: {chromedriverVersion: 100.0.4896.60 (6a5d10861ce8..., userDataDir: C:\Users\YOGESH~1\AppData\L...}, goog:chromeOptions: {debuggerAddress: localhost:52023}, javascriptEnabled: true, networkConnectionEnabled: false, pageLoadStrategy: normal, platform: WINDOWS, platformName: WINDOWS, proxy: Proxy(), setWindowRect: true, strictFileInteractability: false, timeouts: {implicit: 0, pageLoad: 300000, script: 30000}, unhandledPromptBehavior: dismiss and notify, webauthn:extension:credBlob: true, webauthn:extension:largeBlob: true, webauthn:virtualAuthenticators: true}
Session ID: 915bd18340fec6c2057362850926e56f
*** Element info: {Using=id, value=alternate-login-close}">
      <![CDATA[java.lang.AssertionError: chrome not reachable
  (Session info: chrome=100.0.4896.60)
Build info: version: '3.141.59', revision: 'e82be7d358', time: '2018-11-14T08:17:03'
System info: host: 'ISHA58', ip: '192.168.134.1', os.name: 'Windows 10', os.arch: 'amd64', os.version: '10.0', java.version: '1.8.0_291'
Driver info: org.openqa.selenium.chrome.ChromeDriver
Capabilities {acceptInsecureCerts: false, browserName: chrome, browserVersion: 100.0.4896.60, chrome: {chromedriverVersion: 100.0.4896.60 (6a5d10861ce8..., userDataDir: C:\Users\YOGESH~1\AppData\L...}, goog:chromeOptions: {debuggerAddress: localhost:52023}, javascriptEnabled: true, networkConnectionEnabled: false, pageLoadStrategy: normal, platform: WINDOWS, platformName: WINDOWS, proxy: Proxy(), setWindowRect: true, strictFileInteractability: false, timeouts: {implicit: 0, pageLoad: 300000, script: 30000}, unhandledPromptBehavior: dismiss and notify, webauthn:extension:credBlob: true, webauthn:extension:largeBlob: true, webauthn:virtualAuthenticators: true}
Session ID: 915bd18340fec6c2057362850926e56f
*** Element info: {Using=id, value=alternate-login-close}
at BaseClasses.PageBaseClass.reportFail(PageBaseClass.java:53)
at BaseClasses.PageBaseClass.getElement(PageBaseClass.java:167)
at BaseClasses.PageBaseClass.explicitlyWait(PageBaseClass.java:190)
at Pages.LandingPage.clickLoginClose(LandingPage.java:103)
at testCase_NewBikesFunctionality.upcomingBikesUnder4LakhTest.upcomingBikesTest(upcomingBikesUnder4LakhTest.java:30)
at java.util.ArrayList.forEach(ArrayList.java:1259)
... Removed 32 stack frames]]>
    </failure>
  </testcase> <!-- upcomingBikesTest -->
  <testcase name="loginSignUpClickTest" time="24.745" classname="testCase_loginSignupFunctionality.loginSignupClickTest">
    <failure type="java.lang.AssertionError" message="chrome not reachable
  (Session info: chrome=100.0.4896.60)
Build info: version: &amp;apos;3.141.59&amp;apos;, revision: &amp;apos;e82be7d358&amp;apos;, time: &amp;apos;2018-11-14T08:17:03&amp;apos;
System info: host: &amp;apos;ISHA58&amp;apos;, ip: &amp;apos;192.168.134.1&amp;apos;, os.name: &amp;apos;Windows 10&amp;apos;, os.arch: &amp;apos;amd64&amp;apos;, os.version: &amp;apos;10.0&amp;apos;, java.version: &amp;apos;1.8.0_291&amp;apos;
Driver info: org.openqa.selenium.chrome.ChromeDriver
Capabilities {acceptInsecureCerts: false, browserName: chrome, browserVersion: 100.0.4896.60, chrome: {chromedriverVersion: 100.0.4896.60 (6a5d10861ce8..., userDataDir: C:\Users\YOGESH~1\AppData\L...}, goog:chromeOptions: {debuggerAddress: localhost:57466}, javascriptEnabled: true, networkConnectionEnabled: false, pageLoadStrategy: normal, platform: WINDOWS, platformName: WINDOWS, proxy: Proxy(), setWindowRect: true, strictFileInteractability: false, timeouts: {implicit: 0, pageLoad: 300000, script: 30000}, unhandledPromptBehavior: dismiss and notify, webauthn:extension:credBlob: true, webauthn:extension:largeBlob: true, webauthn:virtualAuthenticators: true}
Session ID: 340e6454c8d07b8f1783f9e95ba2a0b8
*** Element info: {Using=id, value=alternate-login-close}">
      <![CDATA[java.lang.AssertionError: chrome not reachable
  (Session info: chrome=100.0.4896.60)
Build info: version: '3.141.59', revision: 'e82be7d358', time: '2018-11-14T08:17:03'
System info: host: 'ISHA58', ip: '192.168.134.1', os.name: 'Windows 10', os.arch: 'amd64', os.version: '10.0', java.version: '1.8.0_291'
Driver info: org.openqa.selenium.chrome.ChromeDriver
Capabilities {acceptInsecureCerts: false, browserName: chrome, browserVersion: 100.0.4896.60, chrome: {chromedriverVersion: 100.0.4896.60 (6a5d10861ce8..., userDataDir: C:\Users\YOGESH~1\AppData\L...}, goog:chromeOptions: {debuggerAddress: localhost:57466}, javascriptEnabled: true, networkConnectionEnabled: false, pageLoadStrategy: normal, platform: WINDOWS, platformName: WINDOWS, proxy: Proxy(), setWindowRect: true, strictFileInteractability: false, timeouts: {implicit: 0, pageLoad: 300000, script: 30000}, unhandledPromptBehavior: dismiss and notify, webauthn:extension:credBlob: true, webauthn:extension:largeBlob: true, webauthn:virtualAuthenticators: true}
Session ID: 340e6454c8d07b8f1783f9e95ba2a0b8
*** Element info: {Using=id, value=alternate-login-close}
at BaseClasses.PageBaseClass.reportFail(PageBaseClass.java:53)
at BaseClasses.PageBaseClass.getElement(PageBaseClass.java:167)
at BaseClasses.PageBaseClass.explicitlyWait(PageBaseClass.java:190)
at Pages.LandingPage.clickLoginClose(LandingPage.java:103)
at testCase_loginSignupFunctionality.loginSignupClickTest.loginSignUpClickTest(loginSignupClickTest.java:27)
at java.util.ArrayList.forEach(ArrayList.java:1259)
... Removed 32 stack frames]]>
    </failure>
  </testcase> <!-- loginSignUpClickTest -->
  <testcase name="logSignVisibilityTest" time="19.365" classname="testCase_loginSignupFunctionality.loginSignupDisplayedTest">
    <failure type="java.lang.AssertionError" message="chrome not reachable
  (Session info: chrome=100.0.4896.60)
Build info: version: &amp;apos;3.141.59&amp;apos;, revision: &amp;apos;e82be7d358&amp;apos;, time: &amp;apos;2018-11-14T08:17:03&amp;apos;
System info: host: &amp;apos;ISHA58&amp;apos;, ip: &amp;apos;192.168.134.1&amp;apos;, os.name: &amp;apos;Windows 10&amp;apos;, os.arch: &amp;apos;amd64&amp;apos;, os.version: &amp;apos;10.0&amp;apos;, java.version: &amp;apos;1.8.0_291&amp;apos;
Driver info: org.openqa.selenium.chrome.ChromeDriver
Capabilities {acceptInsecureCerts: false, browserName: chrome, browserVersion: 100.0.4896.60, chrome: {chromedriverVersion: 100.0.4896.60 (6a5d10861ce8..., userDataDir: C:\Users\YOGESH~1\AppData\L...}, goog:chromeOptions: {debuggerAddress: localhost:57540}, javascriptEnabled: true, networkConnectionEnabled: false, pageLoadStrategy: normal, platform: WINDOWS, platformName: WINDOWS, proxy: Proxy(), setWindowRect: true, strictFileInteractability: false, timeouts: {implicit: 0, pageLoad: 300000, script: 30000}, unhandledPromptBehavior: dismiss and notify, webauthn:extension:credBlob: true, webauthn:extension:largeBlob: true, webauthn:virtualAuthenticators: true}
Session ID: 95b4fae07d0c21587dfa5c9e2ba20e24
*** Element info: {Using=id, value=alternate-login-close}">
      <![CDATA[java.lang.AssertionError: chrome not reachable
  (Session info: chrome=100.0.4896.60)
Build info: version: '3.141.59', revision: 'e82be7d358', time: '2018-11-14T08:17:03'
System info: host: 'ISHA58', ip: '192.168.134.1', os.name: 'Windows 10', os.arch: 'amd64', os.version: '10.0', java.version: '1.8.0_291'
Driver info: org.openqa.selenium.chrome.ChromeDriver
Capabilities {acceptInsecureCerts: false, browserName: chrome, browserVersion: 100.0.4896.60, chrome: {chromedriverVersion: 100.0.4896.60 (6a5d10861ce8..., userDataDir: C:\Users\YOGESH~1\AppData\L...}, goog:chromeOptions: {debuggerAddress: localhost:57540}, javascriptEnabled: true, networkConnectionEnabled: false, pageLoadStrategy: normal, platform: WINDOWS, platformName: WINDOWS, proxy: Proxy(), setWindowRect: true, strictFileInteractability: false, timeouts: {implicit: 0, pageLoad: 300000, script: 30000}, unhandledPromptBehavior: dismiss and notify, webauthn:extension:credBlob: true, webauthn:extension:largeBlob: true, webauthn:virtualAuthenticators: true}
Session ID: 95b4fae07d0c21587dfa5c9e2ba20e24
*** Element info: {Using=id, value=alternate-login-close}
at BaseClasses.PageBaseClass.reportFail(PageBaseClass.java:53)
at BaseClasses.PageBaseClass.getElement(PageBaseClass.java:167)
at BaseClasses.PageBaseClass.explicitlyWait(PageBaseClass.java:190)
at Pages.LandingPage.clickLoginClose(LandingPage.java:103)
at testCase_loginSignupFunctionality.loginSignupDisplayedTest.logSignVisibilityTest(loginSignupDisplayedTest.java:27)
at java.util.ArrayList.forEach(ArrayList.java:1259)
... Removed 32 stack frames]]>
    </failure>
  </testcase> <!-- logSignVisibilityTest -->
  <testcase name="usedCarsChennaiVisibleTest" time="0.576" classname="testCase_UsedCarsFunctionality.usedCarsChennaiVisibilityTest">
    <failure type="java.lang.AssertionError" message="no such window: target window already closed
from unknown error: web view not found
  (Session info: chrome=100.0.4896.60)
Build info: version: &amp;apos;3.141.59&amp;apos;, revision: &amp;apos;e82be7d358&amp;apos;, time: &amp;apos;2018-11-14T08:17:03&amp;apos;
System info: host: &amp;apos;ISHA58&amp;apos;, ip: &amp;apos;192.168.134.1&amp;apos;, os.name: &amp;apos;Windows 10&amp;apos;, os.arch: &amp;apos;amd64&amp;apos;, os.version: &amp;apos;10.0&amp;apos;, java.version: &amp;apos;1.8.0_291&amp;apos;
Driver info: org.openqa.selenium.chrome.ChromeDriver
Capabilities {acceptInsecureCerts: false, browserName: chrome, browserVersion: 100.0.4896.60, chrome: {chromedriverVersion: 100.0.4896.60 (6a5d10861ce8..., userDataDir: C:\Users\YOGESH~1\AppData\L...}, goog:chromeOptions: {debuggerAddress: localhost:57583}, javascriptEnabled: true, networkConnectionEnabled: false, pageLoadStrategy: normal, platform: WINDOWS, platformName: WINDOWS, proxy: Proxy(), setWindowRect: true, strictFileInteractability: false, timeouts: {implicit: 0, pageLoad: 300000, script: 30000}, unhandledPromptBehavior: dismiss and notify, webauthn:extension:credBlob: true, webauthn:extension:largeBlob: true, webauthn:virtualAuthenticators: true}
Session ID: 127deb727d44f58890ac2b5f92aba9ce
*** Element info: {Using=id, value=alternate-login-close}">
      <![CDATA[java.lang.AssertionError: no such window: target window already closed
from unknown error: web view not found
  (Session info: chrome=100.0.4896.60)
Build info: version: '3.141.59', revision: 'e82be7d358', time: '2018-11-14T08:17:03'
System info: host: 'ISHA58', ip: '192.168.134.1', os.name: 'Windows 10', os.arch: 'amd64', os.version: '10.0', java.version: '1.8.0_291'
Driver info: org.openqa.selenium.chrome.ChromeDriver
Capabilities {acceptInsecureCerts: false, browserName: chrome, browserVersion: 100.0.4896.60, chrome: {chromedriverVersion: 100.0.4896.60 (6a5d10861ce8..., userDataDir: C:\Users\YOGESH~1\AppData\L...}, goog:chromeOptions: {debuggerAddress: localhost:57583}, javascriptEnabled: true, networkConnectionEnabled: false, pageLoadStrategy: normal, platform: WINDOWS, platformName: WINDOWS, proxy: Proxy(), setWindowRect: true, strictFileInteractability: false, timeouts: {implicit: 0, pageLoad: 300000, script: 30000}, unhandledPromptBehavior: dismiss and notify, webauthn:extension:credBlob: true, webauthn:extension:largeBlob: true, webauthn:virtualAuthenticators: true}
Session ID: 127deb727d44f58890ac2b5f92aba9ce
*** Element info: {Using=id, value=alternate-login-close}
at BaseClasses.PageBaseClass.reportFail(PageBaseClass.java:53)
at BaseClasses.PageBaseClass.getElement(PageBaseClass.java:167)
at BaseClasses.PageBaseClass.explicitlyWait(PageBaseClass.java:190)
at Pages.LandingPage.clickLoginClose(LandingPage.java:103)
at testCase_UsedCarsFunctionality.usedCarsChennaiVisibilityTest.usedCarsChennaiVisibleTest(usedCarsChennaiVisibilityTest.java:28)
at java.util.ArrayList.forEach(ArrayList.java:1259)
... Removed 32 stack frames]]>
    </failure>
  </testcase> <!-- usedCarsChennaiVisibleTest -->
  <testcase name="nameHondaBikesVisbleTest" time="47.341" classname="testCase_UpcomingBikesDetails.nameUpcomingBikesTest">
    <failure type="java.lang.AssertionError" message="unknown error: cannot determine loading status
from target frame detached
  (Session info: chrome=100.0.4896.60)
Build info: version: &amp;apos;3.141.59&amp;apos;, revision: &amp;apos;e82be7d358&amp;apos;, time: &amp;apos;2018-11-14T08:17:03&amp;apos;
System info: host: &amp;apos;ISHA58&amp;apos;, ip: &amp;apos;192.168.134.1&amp;apos;, os.name: &amp;apos;Windows 10&amp;apos;, os.arch: &amp;apos;amd64&amp;apos;, os.version: &amp;apos;10.0&amp;apos;, java.version: &amp;apos;1.8.0_291&amp;apos;
Driver info: org.openqa.selenium.chrome.ChromeDriver
Capabilities {acceptInsecureCerts: false, browserName: chrome, browserVersion: 100.0.4896.60, chrome: {chromedriverVersion: 100.0.4896.60 (6a5d10861ce8..., userDataDir: C:\Users\YOGESH~1\AppData\L...}, goog:chromeOptions: {debuggerAddress: localhost:57601}, javascriptEnabled: true, networkConnectionEnabled: false, pageLoadStrategy: normal, platform: WINDOWS, platformName: WINDOWS, proxy: Proxy(), setWindowRect: true, strictFileInteractability: false, timeouts: {implicit: 0, pageLoad: 300000, script: 30000}, unhandledPromptBehavior: dismiss and notify, webauthn:extension:credBlob: true, webauthn:extension:largeBlob: true, webauthn:virtualAuthenticators: true}
Session ID: 37024b1f0c0c3ec022623f74afffa0d8">
      <![CDATA[java.lang.AssertionError: unknown error: cannot determine loading status
from target frame detached
  (Session info: chrome=100.0.4896.60)
Build info: version: '3.141.59', revision: 'e82be7d358', time: '2018-11-14T08:17:03'
System info: host: 'ISHA58', ip: '192.168.134.1', os.name: 'Windows 10', os.arch: 'amd64', os.version: '10.0', java.version: '1.8.0_291'
Driver info: org.openqa.selenium.chrome.ChromeDriver
Capabilities {acceptInsecureCerts: false, browserName: chrome, browserVersion: 100.0.4896.60, chrome: {chromedriverVersion: 100.0.4896.60 (6a5d10861ce8..., userDataDir: C:\Users\YOGESH~1\AppData\L...}, goog:chromeOptions: {debuggerAddress: localhost:57601}, javascriptEnabled: true, networkConnectionEnabled: false, pageLoadStrategy: normal, platform: WINDOWS, platformName: WINDOWS, proxy: Proxy(), setWindowRect: true, strictFileInteractability: false, timeouts: {implicit: 0, pageLoad: 300000, script: 30000}, unhandledPromptBehavior: dismiss and notify, webauthn:extension:credBlob: true, webauthn:extension:largeBlob: true, webauthn:virtualAuthenticators: true}
Session ID: 37024b1f0c0c3ec022623f74afffa0d8
at BaseClasses.PageBaseClass.reportFail(PageBaseClass.java:53)
at BaseClasses.PageBaseClass.elementClick(PageBaseClass.java:181)
at BaseClasses.TopMenuClass.clickNewBikes(TopMenuClass.java:25)
at testCase_UpcomingBikesDetails.nameUpcomingBikesTest.nameHondaBikesVisbleTest(nameUpcomingBikesTest.java:29)
at java.util.ArrayList.forEach(ArrayList.java:1259)
... Removed 32 stack frames]]>
    </failure>
  </testcase> <!-- nameHondaBikesVisbleTest -->
  <testcase name="usedCarsPopularModelTest" time="48.833" classname="testCase_UsedCarsFunctionality.usedCarsPopularModelsTest"/>
  <testcase name="FacebookInvalidPasswordLoginTest" time="37.919" classname="testCase_loginSignupFunctionality.LoginWithFacebookInvalidPasswordTest"/>
  <testcase name="GoogleInvalidEmailLoginTest" time="37.838" classname="testCase_loginSignupFunctionality.LoginWithGoogleInvalidEmailTest"/>
  <testcase name="hondaVisibleTest" time="27.924" classname="testCase_ManufacturerFunctionality.hondaVisibilityTest"/>
  <testcase name="priceHondaBikesVisbleTest" time="54.848" classname="testCase_UpcomingBikesDetails.priceUpcomingBikesTest"/>
  <testcase name="newBikesVisibleTest" time="18.863" classname="testCase_NewBikesFunctionality.newBikesTabVisibleTest"/>
  <testcase name="launchDateHondaBikesVisbleTest" time="59.503" classname="testCase_UpcomingBikesDetails.launchDateUpcomingBikesTest"/>
  <testcase name="upcommingBikesVisibleTest" time="22.491" classname="testCase_NewBikesFunctionality.upcomingBikesVisibilityTest"/>
  <testcase name="test" time="0.0" classname="testingbuild.test1"/>
  <testcase name="loginGoogleClickTest" time="29.699" classname="testCase_loginSignupFunctionality.loginSignupGoogleClickTest"/>
</testsuite> <!-- Test -->
