<!DOCTYPE html PUBLIC "-//W3C//DTD XHTML 1.1//EN" "https://www.w3.org/TR/xhtml11/DTD/xhtml11.dtd">
<html xmlns="https://www.w3.org/1999/xhtml">
<head>
<meta http-equiv="content-type" content="text/html; charset=UTF-8"/>
<title>TestNG Report</title>
<style type="text/css">table {margin-bottom:10px;border-collapse:collapse;empty-cells:show}th,td {border:1px solid #009;padding:.25em .5em}th {vertical-align:bottom}td {vertical-align:top}table a {font-weight:bold}.stripe td {background-color: #E6EBF9}.num {text-align:right}.passedodd td {background-color: #3F3}.passedeven td {background-color: #0A0}.skippedodd td {background-color: #DDD}.skippedeven td {background-color: #CCC}.failedodd td,.attn {background-color: #F33}.failedeven td,.stripe .attn {background-color: #D00}.stacktrace {white-space:pre;font-family:monospace}.totop {font-size:85%;text-align:center;border-bottom:2px solid #000}.invisible {display:none}</style>
</head>
<body>
<table>
<tr><th>Test</th><th># Passed</th><th># Skipped</th><th># Retried</th><th># Failed</th><th>Time (ms)</th><th>Included Groups</th><th>Excluded Groups</th></tr>
<tr><th colspan="8">Suite</th></tr>
<tr><td><a href="#t0">Test</a></td><td class="num">10</td><td class="num">0</td><td class="num">0</td><td class="num attn">12</td><td class="num">739,916</td><td></td><td></td></tr>
</table>
<table id='summary'><thead><tr><th>Class</th><th>Method</th><th>Start</th><th>Time (ms)</th></tr></thead><tbody><tr><th colspan="4">Suite</th></tr></tbody><tbody id="t0"><tr><th colspan="4">Test &#8212; failed</th></tr><tr class="failedeven"><td rowspan="1">testCase_ManufacturerFunctionality.manufacturerDropdownVisibleTest</td><td><a href="#m0">manufacturerVisbleTest</a></td><td rowspan="1">1649062652239</td><td rowspan="1">25937</td></tr><tr class="failedodd"><td rowspan="1">testCase_ManufacturerFunctionality.viewHondaBikesTest</td><td><a href="#m1">bikeHondaVisbleTest</a></td><td rowspan="1">1649062527177</td><td rowspan="1">20288</td></tr><tr class="failedeven"><td rowspan="1">testCase_NewBikesFunctionality.upcomingBikesUnder4LakhTest</td><td><a href="#m2">upcomingBikesTest</a></td><td rowspan="1">1649062711177</td><td rowspan="1">32933</td></tr><tr class="failedodd"><td rowspan="1">testCase_UpcomingBikesDetails.alertMeLaunchTest</td><td><a href="#m3">alertMeTest</a></td><td rowspan="1">1649062586801</td><td rowspan="1">18672</td></tr><tr class="failedeven"><td rowspan="1">testCase_UpcomingBikesDetails.nameUpcomingBikesTest</td><td><a href="#m4">nameHondaBikesVisbleTest</a></td><td rowspan="1">1649062815061</td><td rowspan="1">47341</td></tr><tr class="failedodd"><td rowspan="1">testCase_UsedCarsFunctionality.usedCarsChennaiVisibilityTest</td><td><a href="#m5">usedCarsChennaiVisibleTest</a></td><td rowspan="1">1649062807533</td><td rowspan="1">576</td></tr><tr class="failedeven"><td rowspan="1">testCase_UsedCarsFunctionality.usedCarsTabVisibleTest</td><td><a href="#m6">usedCarsVisibleTest</a></td><td rowspan="1">1649062631369</td><td rowspan="1">16795</td></tr><tr class="failedodd"><td rowspan="1">testCase_UsedCarsFunctionality.viewSellerDetailsTest</td><td><a href="#m7">usedCarsViewSellerTest</a></td><td rowspan="1">1649062682719</td><td rowspan="1">23609</td></tr><tr class="failedeven"><td rowspan="1">testCase_loginSignupFunctionality.LoginWithFacebookInvalidEmailTest</td><td><a href="#m8">FacebookInvalidEmailLoginTest</a></td><td rowspan="1">1649062610589</td><td rowspan="1">16689</td></tr><tr class="failedodd"><td rowspan="1">testCase_loginSignupFunctionality.LoginWithGoogleInvalidPasswordTest</td><td><a href="#m9">GoogleInvalidPasswordTest</a></td><td rowspan="1">1649062557082</td><td rowspan="1">24510</td></tr><tr class="failedeven"><td rowspan="1">testCase_loginSignupFunctionality.loginSignupClickTest</td><td><a href="#m10">loginSignUpClickTest</a></td><td rowspan="1">1649062749445</td><td rowspan="1">24745</td></tr><tr class="failedodd"><td rowspan="1">testCase_loginSignupFunctionality.loginSignupDisplayedTest</td><td><a href="#m11">logSignVisibilityTest</a></td><td rowspan="1">1649062782313</td><td rowspan="1">19365</td></tr><tr><th colspan="4">Test &#8212; passed</th></tr><tr class="passedeven"><td rowspan="1">testCase_ManufacturerFunctionality.hondaVisibilityTest</td><td><a href="#m12">hondaVisibleTest</a></td><td rowspan="1">1649063014642</td><td rowspan="1">27924</td></tr><tr class="passedodd"><td rowspan="1">testCase_NewBikesFunctionality.newBikesTabVisibleTest</td><td><a href="#m13">newBikesVisibleTest</a></td><td rowspan="1">1649063111391</td><td rowspan="1">18863</td></tr><tr class="passedeven"><td rowspan="1">testCase_NewBikesFunctionality.upcomingBikesVisibilityTest</td><td><a href="#m14">upcommingBikesVisibleTest</a></td><td rowspan="1">1649063201879</td><td rowspan="1">22491</td></tr><tr class="passedodd"><td rowspan="1">testCase_UpcomingBikesDetails.launchDateUpcomingBikesTest</td><td><a href="#m15">launchDateHondaBikesVisbleTest</a></td><td rowspan="1">1649063136269</td><td rowspan="1">59503</td></tr><tr class="passedeven"><td rowspan="1">testCase_UpcomingBikesDetails.priceUpcomingBikesTest</td><td><a href="#m16">priceHondaBikesVisbleTest</a></td><td rowspan="1">1649063049601</td><td rowspan="1">54848</td></tr><tr class="passedodd"><td rowspan="1">testCase_UsedCarsFunctionality.usedCarsPopularModelsTest</td><td><a href="#m17">usedCarsPopularModelTest</a></td><td rowspan="1">1649062873293</td><td rowspan="1">48833</td></tr><tr class="passedeven"><td rowspan="1">testCase_loginSignupFunctionality.LoginWithFacebookInvalidPasswordTest</td><td><a href="#m18">FacebookInvalidPasswordLoginTest</a></td><td rowspan="1">1649062927390</td><td rowspan="1">37919</td></tr><tr class="passedodd"><td rowspan="1">testCase_loginSignupFunctionality.LoginWithGoogleInvalidEmailTest</td><td><a href="#m19">GoogleInvalidEmailLoginTest</a></td><td rowspan="1">1649062971428</td><td rowspan="1">37838</td></tr><tr class="passedeven"><td rowspan="1">testCase_loginSignupFunctionality.loginSignupGoogleClickTest</td><td><a href="#m20">loginGoogleClickTest</a></td><td rowspan="1">1649063229545</td><td rowspan="1">29699</td></tr><tr class="passedodd"><td rowspan="1">testingbuild.test1</td><td><a href="#m21">test</a></td><td rowspan="1">1649063225959</td><td rowspan="1">0</td></tr></tbody>
</table>
<h2>Test</h2><h3 id="m0">testCase_ManufacturerFunctionality.manufacturerDropdownVisibleTest#manufacturerVisbleTest</h3><table class="result"><tr><th>Exception</th></tr><tr><td><div class="stacktrace">java.lang.AssertionError: chrome not reachable
  (Session info: chrome=100.0.4896.60)
Build info: version: &apos;3.141.59&apos;, revision: &apos;e82be7d358&apos;, time: &apos;2018-11-14T08:17:03&apos;
System info: host: &apos;ISHA58&apos;, ip: &apos;192.168.134.1&apos;, os.name: &apos;Windows 10&apos;, os.arch: &apos;amd64&apos;, os.version: &apos;10.0&apos;, java.version: &apos;1.8.0_291&apos;
Driver info: org.openqa.selenium.chrome.ChromeDriver
Capabilities {acceptInsecureCerts: false, browserName: chrome, browserVersion: 100.0.4896.60, chrome: {chromedriverVersion: 100.0.4896.60 (6a5d10861ce8..., userDataDir: C:\Users\YOGESH~1\AppData\L...}, goog:chromeOptions: {debuggerAddress: localhost:51937}, javascriptEnabled: true, networkConnectionEnabled: false, pageLoadStrategy: normal, platform: WINDOWS, platformName: WINDOWS, proxy: Proxy(), setWindowRect: true, strictFileInteractability: false, timeouts: {implicit: 0, pageLoad: 300000, script: 30000}, unhandledPromptBehavior: dismiss and notify, webauthn:extension:credBlob: true, webauthn:extension:largeBlob: true, webauthn:virtualAuthenticators: true}
Session ID: 3a4ceece6660523185b8319ab2816183
*** Element info: {Using=id, value=alternate-login-close}
	at BaseClasses.PageBaseClass.reportFail(PageBaseClass.java:53)
	at BaseClasses.PageBaseClass.getElement(PageBaseClass.java:167)
	at BaseClasses.PageBaseClass.explicitlyWait(PageBaseClass.java:190)
	at Pages.LandingPage.clickLoginClose(LandingPage.java:103)
	at testCase_ManufacturerFunctionality.manufacturerDropdownVisibleTest.manufacturerVisbleTest(manufacturerDropdownVisibleTest.java:27)
	at java.util.ArrayList.forEach(ArrayList.java:1259)
... Removed 32 stack frames</div></td></tr></table><p class="totop"><a href="#summary">back to summary</a></p>
<h3 id="m1">testCase_ManufacturerFunctionality.viewHondaBikesTest#bikeHondaVisbleTest</h3><table class="result"><tr><th>Exception</th></tr><tr><td><div class="stacktrace">java.lang.AssertionError: chrome not reachable
  (Session info: chrome=100.0.4896.60)
Build info: version: &apos;3.141.59&apos;, revision: &apos;e82be7d358&apos;, time: &apos;2018-11-14T08:17:03&apos;
System info: host: &apos;ISHA58&apos;, ip: &apos;192.168.134.1&apos;, os.name: &apos;Windows 10&apos;, os.arch: &apos;amd64&apos;, os.version: &apos;10.0&apos;, java.version: &apos;1.8.0_291&apos;
Driver info: org.openqa.selenium.chrome.ChromeDriver
Capabilities {acceptInsecureCerts: false, browserName: chrome, browserVersion: 100.0.4896.60, chrome: {chromedriverVersion: 100.0.4896.60 (6a5d10861ce8..., userDataDir: C:\Users\YOGESH~1\AppData\L...}, goog:chromeOptions: {debuggerAddress: localhost:52174}, javascriptEnabled: true, networkConnectionEnabled: false, pageLoadStrategy: normal, platform: WINDOWS, platformName: WINDOWS, proxy: Proxy(), setWindowRect: true, strictFileInteractability: false, timeouts: {implicit: 0, pageLoad: 300000, script: 30000}, unhandledPromptBehavior: dismiss and notify, webauthn:extension:credBlob: true, webauthn:extension:largeBlob: true, webauthn:virtualAuthenticators: true}
Session ID: 940741330deca0ca160c9f8b9281efbc
*** Element info: {Using=id, value=alternate-login-close}
	at BaseClasses.PageBaseClass.reportFail(PageBaseClass.java:53)
	at BaseClasses.PageBaseClass.getElement(PageBaseClass.java:167)
	at BaseClasses.PageBaseClass.explicitlyWait(PageBaseClass.java:190)
	at Pages.LandingPage.clickLoginClose(LandingPage.java:103)
	at testCase_ManufacturerFunctionality.viewHondaBikesTest.bikeHondaVisbleTest(viewHondaBikesTest.java:27)
	at java.util.ArrayList.forEach(ArrayList.java:1259)
... Removed 32 stack frames</div></td></tr></table><p class="totop"><a href="#summary">back to summary</a></p>
<h3 id="m2">testCase_NewBikesFunctionality.upcomingBikesUnder4LakhTest#upcomingBikesTest</h3><table class="result"><tr><th>Exception</th></tr><tr><td><div class="stacktrace">java.lang.AssertionError: chrome not reachable
  (Session info: chrome=100.0.4896.60)
Build info: version: &apos;3.141.59&apos;, revision: &apos;e82be7d358&apos;, time: &apos;2018-11-14T08:17:03&apos;
System info: host: &apos;ISHA58&apos;, ip: &apos;192.168.134.1&apos;, os.name: &apos;Windows 10&apos;, os.arch: &apos;amd64&apos;, os.version: &apos;10.0&apos;, java.version: &apos;1.8.0_291&apos;
Driver info: org.openqa.selenium.chrome.ChromeDriver
Capabilities {acceptInsecureCerts: false, browserName: chrome, browserVersion: 100.0.4896.60, chrome: {chromedriverVersion: 100.0.4896.60 (6a5d10861ce8..., userDataDir: C:\Users\YOGESH~1\AppData\L...}, goog:chromeOptions: {debuggerAddress: localhost:52023}, javascriptEnabled: true, networkConnectionEnabled: false, pageLoadStrategy: normal, platform: WINDOWS, platformName: WINDOWS, proxy: Proxy(), setWindowRect: true, strictFileInteractability: false, timeouts: {implicit: 0, pageLoad: 300000, script: 30000}, unhandledPromptBehavior: dismiss and notify, webauthn:extension:credBlob: true, webauthn:extension:largeBlob: true, webauthn:virtualAuthenticators: true}
Session ID: 915bd18340fec6c2057362850926e56f
*** Element info: {Using=id, value=alternate-login-close}
	at BaseClasses.PageBaseClass.reportFail(PageBaseClass.java:53)
	at BaseClasses.PageBaseClass.getElement(PageBaseClass.java:167)
	at BaseClasses.PageBaseClass.explicitlyWait(PageBaseClass.java:190)
	at Pages.LandingPage.clickLoginClose(LandingPage.java:103)
	at testCase_NewBikesFunctionality.upcomingBikesUnder4LakhTest.upcomingBikesTest(upcomingBikesUnder4LakhTest.java:30)
	at java.util.ArrayList.forEach(ArrayList.java:1259)
... Removed 32 stack frames</div></td></tr></table><p class="totop"><a href="#summary">back to summary</a></p>
<h3 id="m3">testCase_UpcomingBikesDetails.alertMeLaunchTest#alertMeTest</h3><table class="result"><tr><th>Exception</th></tr><tr><td><div class="stacktrace">java.lang.AssertionError: chrome not reachable
  (Session info: chrome=100.0.4896.60)
Build info: version: &apos;3.141.59&apos;, revision: &apos;e82be7d358&apos;, time: &apos;2018-11-14T08:17:03&apos;
System info: host: &apos;ISHA58&apos;, ip: &apos;192.168.134.1&apos;, os.name: &apos;Windows 10&apos;, os.arch: &apos;amd64&apos;, os.version: &apos;10.0&apos;, java.version: &apos;1.8.0_291&apos;
Driver info: org.openqa.selenium.chrome.ChromeDriver
Capabilities {acceptInsecureCerts: false, browserName: chrome, browserVersion: 100.0.4896.60, chrome: {chromedriverVersion: 100.0.4896.60 (6a5d10861ce8..., userDataDir: C:\Users\YOGESH~1\AppData\L...}, goog:chromeOptions: {debuggerAddress: localhost:56830}, javascriptEnabled: true, networkConnectionEnabled: false, pageLoadStrategy: normal, platform: WINDOWS, platformName: WINDOWS, proxy: Proxy(), setWindowRect: true, strictFileInteractability: false, timeouts: {implicit: 0, pageLoad: 300000, script: 30000}, unhandledPromptBehavior: dismiss and notify, webauthn:extension:credBlob: true, webauthn:extension:largeBlob: true, webauthn:virtualAuthenticators: true}
Session ID: 30669dadaf8da8242d8ff46fe1db8b4f
*** Element info: {Using=id, value=alternate-login-close}
	at BaseClasses.PageBaseClass.reportFail(PageBaseClass.java:53)
	at BaseClasses.PageBaseClass.getElement(PageBaseClass.java:167)
	at BaseClasses.PageBaseClass.explicitlyWait(PageBaseClass.java:190)
	at Pages.LandingPage.clickLoginClose(LandingPage.java:103)
	at testCase_UpcomingBikesDetails.alertMeLaunchTest.alertMeTest(alertMeLaunchTest.java:27)
	at java.util.ArrayList.forEach(ArrayList.java:1259)
... Removed 32 stack frames</div></td></tr></table><p class="totop"><a href="#summary">back to summary</a></p>
<h3 id="m4">testCase_UpcomingBikesDetails.nameUpcomingBikesTest#nameHondaBikesVisbleTest</h3><table class="result"><tr><th>Exception</th></tr><tr><td><div class="stacktrace">java.lang.AssertionError: unknown error: cannot determine loading status
from target frame detached
  (Session info: chrome=100.0.4896.60)
Build info: version: &apos;3.141.59&apos;, revision: &apos;e82be7d358&apos;, time: &apos;2018-11-14T08:17:03&apos;
System info: host: &apos;ISHA58&apos;, ip: &apos;192.168.134.1&apos;, os.name: &apos;Windows 10&apos;, os.arch: &apos;amd64&apos;, os.version: &apos;10.0&apos;, java.version: &apos;1.8.0_291&apos;
Driver info: org.openqa.selenium.chrome.ChromeDriver
Capabilities {acceptInsecureCerts: false, browserName: chrome, browserVersion: 100.0.4896.60, chrome: {chromedriverVersion: 100.0.4896.60 (6a5d10861ce8..., userDataDir: C:\Users\YOGESH~1\AppData\L...}, goog:chromeOptions: {debuggerAddress: localhost:57601}, javascriptEnabled: true, networkConnectionEnabled: false, pageLoadStrategy: normal, platform: WINDOWS, platformName: WINDOWS, proxy: Proxy(), setWindowRect: true, strictFileInteractability: false, timeouts: {implicit: 0, pageLoad: 300000, script: 30000}, unhandledPromptBehavior: dismiss and notify, webauthn:extension:credBlob: true, webauthn:extension:largeBlob: true, webauthn:virtualAuthenticators: true}
Session ID: 37024b1f0c0c3ec022623f74afffa0d8
	at BaseClasses.PageBaseClass.reportFail(PageBaseClass.java:53)
	at BaseClasses.PageBaseClass.elementClick(PageBaseClass.java:181)
	at BaseClasses.TopMenuClass.clickNewBikes(TopMenuClass.java:25)
	at testCase_UpcomingBikesDetails.nameUpcomingBikesTest.nameHondaBikesVisbleTest(nameUpcomingBikesTest.java:29)
	at java.util.ArrayList.forEach(ArrayList.java:1259)
... Removed 32 stack frames</div></td></tr></table><p class="totop"><a href="#summary">back to summary</a></p>
<h3 id="m5">testCase_UsedCarsFunctionality.usedCarsChennaiVisibilityTest#usedCarsChennaiVisibleTest</h3><table class="result"><tr><th>Exception</th></tr><tr><td><div class="stacktrace">java.lang.AssertionError: no such window: target window already closed
from unknown error: web view not found
  (Session info: chrome=100.0.4896.60)
Build info: version: &apos;3.141.59&apos;, revision: &apos;e82be7d358&apos;, time: &apos;2018-11-14T08:17:03&apos;
System info: host: &apos;ISHA58&apos;, ip: &apos;192.168.134.1&apos;, os.name: &apos;Windows 10&apos;, os.arch: &apos;amd64&apos;, os.version: &apos;10.0&apos;, java.version: &apos;1.8.0_291&apos;
Driver info: org.openqa.selenium.chrome.ChromeDriver
Capabilities {acceptInsecureCerts: false, browserName: chrome, browserVersion: 100.0.4896.60, chrome: {chromedriverVersion: 100.0.4896.60 (6a5d10861ce8..., userDataDir: C:\Users\YOGESH~1\AppData\L...}, goog:chromeOptions: {debuggerAddress: localhost:57583}, javascriptEnabled: true, networkConnectionEnabled: false, pageLoadStrategy: normal, platform: WINDOWS, platformName: WINDOWS, proxy: Proxy(), setWindowRect: true, strictFileInteractability: false, timeouts: {implicit: 0, pageLoad: 300000, script: 30000}, unhandledPromptBehavior: dismiss and notify, webauthn:extension:credBlob: true, webauthn:extension:largeBlob: true, webauthn:virtualAuthenticators: true}
Session ID: 127deb727d44f58890ac2b5f92aba9ce
*** Element info: {Using=id, value=alternate-login-close}
	at BaseClasses.PageBaseClass.reportFail(PageBaseClass.java:53)
	at BaseClasses.PageBaseClass.getElement(PageBaseClass.java:167)
	at BaseClasses.PageBaseClass.explicitlyWait(PageBaseClass.java:190)
	at Pages.LandingPage.clickLoginClose(LandingPage.java:103)
	at testCase_UsedCarsFunctionality.usedCarsChennaiVisibilityTest.usedCarsChennaiVisibleTest(usedCarsChennaiVisibilityTest.java:28)
	at java.util.ArrayList.forEach(ArrayList.java:1259)
... Removed 32 stack frames</div></td></tr></table><p class="totop"><a href="#summary">back to summary</a></p>
<h3 id="m6">testCase_UsedCarsFunctionality.usedCarsTabVisibleTest#usedCarsVisibleTest</h3><table class="result"><tr><th>Exception</th></tr><tr><td><div class="stacktrace">java.lang.AssertionError: chrome not reachable
  (Session info: chrome=100.0.4896.60)
Build info: version: &apos;3.141.59&apos;, revision: &apos;e82be7d358&apos;, time: &apos;2018-11-14T08:17:03&apos;
System info: host: &apos;ISHA58&apos;, ip: &apos;192.168.134.1&apos;, os.name: &apos;Windows 10&apos;, os.arch: &apos;amd64&apos;, os.version: &apos;10.0&apos;, java.version: &apos;1.8.0_291&apos;
Driver info: org.openqa.selenium.chrome.ChromeDriver
Capabilities {acceptInsecureCerts: false, browserName: chrome, browserVersion: 100.0.4896.60, chrome: {chromedriverVersion: 100.0.4896.60 (6a5d10861ce8..., userDataDir: C:\Users\YOGESH~1\AppData\L...}, goog:chromeOptions: {debuggerAddress: localhost:51895}, javascriptEnabled: true, networkConnectionEnabled: false, pageLoadStrategy: normal, platform: WINDOWS, platformName: WINDOWS, proxy: Proxy(), setWindowRect: true, strictFileInteractability: false, timeouts: {implicit: 0, pageLoad: 300000, script: 30000}, unhandledPromptBehavior: dismiss and notify, webauthn:extension:credBlob: true, webauthn:extension:largeBlob: true, webauthn:virtualAuthenticators: true}
Session ID: a573a8720b0e8c0617c07a2c89cf48d0
*** Element info: {Using=id, value=alternate-login-close}
	at BaseClasses.PageBaseClass.reportFail(PageBaseClass.java:53)
	at BaseClasses.PageBaseClass.getElement(PageBaseClass.java:167)
	at BaseClasses.PageBaseClass.explicitlyWait(PageBaseClass.java:190)
	at Pages.LandingPage.clickLoginClose(LandingPage.java:103)
	at testCase_UsedCarsFunctionality.usedCarsTabVisibleTest.usedCarsVisibleTest(usedCarsTabVisibleTest.java:28)
	at java.util.ArrayList.forEach(ArrayList.java:1259)
... Removed 32 stack frames</div></td></tr></table><p class="totop"><a href="#summary">back to summary</a></p>
<h3 id="m7">testCase_UsedCarsFunctionality.viewSellerDetailsTest#usedCarsViewSellerTest</h3><table class="result"><tr><th>Exception</th></tr><tr><td><div class="stacktrace">java.lang.AssertionError: chrome not reachable
  (Session info: chrome=100.0.4896.60)
Build info: version: &apos;3.141.59&apos;, revision: &apos;e82be7d358&apos;, time: &apos;2018-11-14T08:17:03&apos;
System info: host: &apos;ISHA58&apos;, ip: &apos;192.168.134.1&apos;, os.name: &apos;Windows 10&apos;, os.arch: &apos;amd64&apos;, os.version: &apos;10.0&apos;, java.version: &apos;1.8.0_291&apos;
Driver info: org.openqa.selenium.chrome.ChromeDriver
Capabilities {acceptInsecureCerts: false, browserName: chrome, browserVersion: 100.0.4896.60, chrome: {chromedriverVersion: 100.0.4896.60 (6a5d10861ce8..., userDataDir: C:\Users\YOGESH~1\AppData\L...}, goog:chromeOptions: {debuggerAddress: localhost:51984}, javascriptEnabled: true, networkConnectionEnabled: false, pageLoadStrategy: normal, platform: WINDOWS, platformName: WINDOWS, proxy: Proxy(), setWindowRect: true, strictFileInteractability: false, timeouts: {implicit: 0, pageLoad: 300000, script: 30000}, unhandledPromptBehavior: dismiss and notify, webauthn:extension:credBlob: true, webauthn:extension:largeBlob: true, webauthn:virtualAuthenticators: true}
Session ID: 584129fda5fe48b9892e29870e359099
*** Element info: {Using=id, value=alternate-login-close}
	at BaseClasses.PageBaseClass.reportFail(PageBaseClass.java:53)
	at BaseClasses.PageBaseClass.getElement(PageBaseClass.java:167)
	at BaseClasses.PageBaseClass.explicitlyWait(PageBaseClass.java:190)
	at Pages.LandingPage.clickLoginClose(LandingPage.java:103)
	at testCase_UsedCarsFunctionality.viewSellerDetailsTest.usedCarsViewSellerTest(viewSellerDetailsTest.java:28)
	at java.util.ArrayList.forEach(ArrayList.java:1259)
... Removed 32 stack frames</div></td></tr></table><p class="totop"><a href="#summary">back to summary</a></p>
<h3 id="m8">testCase_loginSignupFunctionality.LoginWithFacebookInvalidEmailTest#FacebookInvalidEmailLoginTest</h3><table class="result"><tr class="param"><th>Parameter #1</th></tr><tr class="param stripe"><td>{Password=test123, Comment=Invalid Email, Email=abcd@gmail.com}</td></tr><tr><th>Exception</th></tr><tr><td><div class="stacktrace">java.lang.AssertionError: chrome not reachable
  (Session info: chrome=100.0.4896.60)
Build info: version: &apos;3.141.59&apos;, revision: &apos;e82be7d358&apos;, time: &apos;2018-11-14T08:17:03&apos;
System info: host: &apos;ISHA58&apos;, ip: &apos;192.168.134.1&apos;, os.name: &apos;Windows 10&apos;, os.arch: &apos;amd64&apos;, os.version: &apos;10.0&apos;, java.version: &apos;1.8.0_291&apos;
Driver info: org.openqa.selenium.chrome.ChromeDriver
Capabilities {acceptInsecureCerts: false, browserName: chrome, browserVersion: 100.0.4896.60, chrome: {chromedriverVersion: 100.0.4896.60 (6a5d10861ce8..., userDataDir: C:\Users\YOGESH~1\AppData\L...}, goog:chromeOptions: {debuggerAddress: localhost:51854}, javascriptEnabled: true, networkConnectionEnabled: false, pageLoadStrategy: normal, platform: WINDOWS, platformName: WINDOWS, proxy: Proxy(), setWindowRect: true, strictFileInteractability: false, timeouts: {implicit: 0, pageLoad: 300000, script: 30000}, unhandledPromptBehavior: dismiss and notify, webauthn:extension:credBlob: true, webauthn:extension:largeBlob: true, webauthn:virtualAuthenticators: true}
Session ID: 1f3e3ef3429b32e77d179aae85296a1d
*** Element info: {Using=id, value=forum_login_title_lg}
	at BaseClasses.PageBaseClass.reportFail(PageBaseClass.java:53)
	at BaseClasses.PageBaseClass.getElement(PageBaseClass.java:167)
	at BaseClasses.PageBaseClass.elementClick(PageBaseClass.java:177)
	at Pages.LandingPage.clickLoginSignupButton(LandingPage.java:85)
	at testCase_loginSignupFunctionality.LoginWithFacebookInvalidEmailTest.FacebookInvalidEmailLoginTest(LoginWithFacebookInvalidEmailTest.java:32)
	at java.util.ArrayList.forEach(ArrayList.java:1259)
... Removed 32 stack frames</div></td></tr></table><p class="totop"><a href="#summary">back to summary</a></p>
<h3 id="m9">testCase_loginSignupFunctionality.LoginWithGoogleInvalidPasswordTest#GoogleInvalidPasswordTest</h3><table class="result"><tr class="param"><th>Parameter #1</th></tr><tr class="param stripe"><td>{Password=abcd123, Comment=Invalid Password, Email=1802652.it.cec@cgc.edu.in}</td></tr><tr><th>Exception</th></tr><tr><td><div class="stacktrace">java.lang.AssertionError: chrome not reachable
  (Session info: chrome=100.0.4896.60)
Build info: version: &apos;3.141.59&apos;, revision: &apos;e82be7d358&apos;, time: &apos;2018-11-14T08:17:03&apos;
System info: host: &apos;ISHA58&apos;, ip: &apos;192.168.134.1&apos;, os.name: &apos;Windows 10&apos;, os.arch: &apos;amd64&apos;, os.version: &apos;10.0&apos;, java.version: &apos;1.8.0_291&apos;
Driver info: org.openqa.selenium.chrome.ChromeDriver
Capabilities {acceptInsecureCerts: false, browserName: chrome, browserVersion: 100.0.4896.60, chrome: {chromedriverVersion: 100.0.4896.60 (6a5d10861ce8..., userDataDir: C:\Users\YOGESH~1\AppData\L...}, goog:chromeOptions: {debuggerAddress: localhost:56718}, javascriptEnabled: true, networkConnectionEnabled: false, pageLoadStrategy: normal, platform: WINDOWS, platformName: WINDOWS, proxy: Proxy(), setWindowRect: true, strictFileInteractability: false, timeouts: {implicit: 0, pageLoad: 300000, script: 30000}, unhandledPromptBehavior: dismiss and notify, webauthn:extension:credBlob: true, webauthn:extension:largeBlob: true, webauthn:virtualAuthenticators: true}
Session ID: 866aca07eb3ff325d65c82917ff4e673
*** Element info: {Using=id, value=forum_login_title_lg}
	at BaseClasses.PageBaseClass.reportFail(PageBaseClass.java:53)
	at BaseClasses.PageBaseClass.getElement(PageBaseClass.java:167)
	at BaseClasses.PageBaseClass.elementClick(PageBaseClass.java:177)
	at Pages.LandingPage.clickLoginSignupButton(LandingPage.java:85)
	at testCase_loginSignupFunctionality.LoginWithGoogleInvalidPasswordTest.GoogleInvalidPasswordTest(LoginWithGoogleInvalidPasswordTest.java:31)
	at java.util.ArrayList.forEach(ArrayList.java:1259)
... Removed 32 stack frames</div></td></tr></table><p class="totop"><a href="#summary">back to summary</a></p>
<h3 id="m10">testCase_loginSignupFunctionality.loginSignupClickTest#loginSignUpClickTest</h3><table class="result"><tr><th>Exception</th></tr><tr><td><div class="stacktrace">java.lang.AssertionError: chrome not reachable
  (Session info: chrome=100.0.4896.60)
Build info: version: &apos;3.141.59&apos;, revision: &apos;e82be7d358&apos;, time: &apos;2018-11-14T08:17:03&apos;
System info: host: &apos;ISHA58&apos;, ip: &apos;192.168.134.1&apos;, os.name: &apos;Windows 10&apos;, os.arch: &apos;amd64&apos;, os.version: &apos;10.0&apos;, java.version: &apos;1.8.0_291&apos;
Driver info: org.openqa.selenium.chrome.ChromeDriver
Capabilities {acceptInsecureCerts: false, browserName: chrome, browserVersion: 100.0.4896.60, chrome: {chromedriverVersion: 100.0.4896.60 (6a5d10861ce8..., userDataDir: C:\Users\YOGESH~1\AppData\L...}, goog:chromeOptions: {debuggerAddress: localhost:57466}, javascriptEnabled: true, networkConnectionEnabled: false, pageLoadStrategy: normal, platform: WINDOWS, platformName: WINDOWS, proxy: Proxy(), setWindowRect: true, strictFileInteractability: false, timeouts: {implicit: 0, pageLoad: 300000, script: 30000}, unhandledPromptBehavior: dismiss and notify, webauthn:extension:credBlob: true, webauthn:extension:largeBlob: true, webauthn:virtualAuthenticators: true}
Session ID: 340e6454c8d07b8f1783f9e95ba2a0b8
*** Element info: {Using=id, value=alternate-login-close}
	at BaseClasses.PageBaseClass.reportFail(PageBaseClass.java:53)
	at BaseClasses.PageBaseClass.getElement(PageBaseClass.java:167)
	at BaseClasses.PageBaseClass.explicitlyWait(PageBaseClass.java:190)
	at Pages.LandingPage.clickLoginClose(LandingPage.java:103)
	at testCase_loginSignupFunctionality.loginSignupClickTest.loginSignUpClickTest(loginSignupClickTest.java:27)
	at java.util.ArrayList.forEach(ArrayList.java:1259)
... Removed 32 stack frames</div></td></tr></table><p class="totop"><a href="#summary">back to summary</a></p>
<h3 id="m11">testCase_loginSignupFunctionality.loginSignupDisplayedTest#logSignVisibilityTest</h3><table class="result"><tr><th>Exception</th></tr><tr><td><div class="stacktrace">java.lang.AssertionError: chrome not reachable
  (Session info: chrome=100.0.4896.60)
Build info: version: &apos;3.141.59&apos;, revision: &apos;e82be7d358&apos;, time: &apos;2018-11-14T08:17:03&apos;
System info: host: &apos;ISHA58&apos;, ip: &apos;192.168.134.1&apos;, os.name: &apos;Windows 10&apos;, os.arch: &apos;amd64&apos;, os.version: &apos;10.0&apos;, java.version: &apos;1.8.0_291&apos;
Driver info: org.openqa.selenium.chrome.ChromeDriver
Capabilities {acceptInsecureCerts: false, browserName: chrome, browserVersion: 100.0.4896.60, chrome: {chromedriverVersion: 100.0.4896.60 (6a5d10861ce8..., userDataDir: C:\Users\YOGESH~1\AppData\L...}, goog:chromeOptions: {debuggerAddress: localhost:57540}, javascriptEnabled: true, networkConnectionEnabled: false, pageLoadStrategy: normal, platform: WINDOWS, platformName: WINDOWS, proxy: Proxy(), setWindowRect: true, strictFileInteractability: false, timeouts: {implicit: 0, pageLoad: 300000, script: 30000}, unhandledPromptBehavior: dismiss and notify, webauthn:extension:credBlob: true, webauthn:extension:largeBlob: true, webauthn:virtualAuthenticators: true}
Session ID: 95b4fae07d0c21587dfa5c9e2ba20e24
*** Element info: {Using=id, value=alternate-login-close}
	at BaseClasses.PageBaseClass.reportFail(PageBaseClass.java:53)
	at BaseClasses.PageBaseClass.getElement(PageBaseClass.java:167)
	at BaseClasses.PageBaseClass.explicitlyWait(PageBaseClass.java:190)
	at Pages.LandingPage.clickLoginClose(LandingPage.java:103)
	at testCase_loginSignupFunctionality.loginSignupDisplayedTest.logSignVisibilityTest(loginSignupDisplayedTest.java:27)
	at java.util.ArrayList.forEach(ArrayList.java:1259)
... Removed 32 stack frames</div></td></tr></table><p class="totop"><a href="#summary">back to summary</a></p>
<h3 id="m12">testCase_ManufacturerFunctionality.hondaVisibilityTest#hondaVisibleTest</h3><table class="result"><tr><th class="invisible"/></tr></table><p class="totop"><a href="#summary">back to summary</a></p>
<h3 id="m13">testCase_NewBikesFunctionality.newBikesTabVisibleTest#newBikesVisibleTest</h3><table class="result"><tr><th class="invisible"/></tr></table><p class="totop"><a href="#summary">back to summary</a></p>
<h3 id="m14">testCase_NewBikesFunctionality.upcomingBikesVisibilityTest#upcommingBikesVisibleTest</h3><table class="result"><tr><th class="invisible"/></tr></table><p class="totop"><a href="#summary">back to summary</a></p>
<h3 id="m15">testCase_UpcomingBikesDetails.launchDateUpcomingBikesTest#launchDateHondaBikesVisbleTest</h3><table class="result"><tr><th class="invisible"/></tr></table><p class="totop"><a href="#summary">back to summary</a></p>
<h3 id="m16">testCase_UpcomingBikesDetails.priceUpcomingBikesTest#priceHondaBikesVisbleTest</h3><table class="result"><tr><th class="invisible"/></tr></table><p class="totop"><a href="#summary">back to summary</a></p>
<h3 id="m17">testCase_UsedCarsFunctionality.usedCarsPopularModelsTest#usedCarsPopularModelTest</h3><table class="result"><tr><th class="invisible"/></tr></table><p class="totop"><a href="#summary">back to summary</a></p>
<h3 id="m18">testCase_loginSignupFunctionality.LoginWithFacebookInvalidPasswordTest#FacebookInvalidPasswordLoginTest</h3><table class="result"><tr class="param"><th>Parameter #1</th></tr><tr class="param stripe"><td>{Password=test123, Comment=Invalid Password, Email=dipender}</td></tr></table><p class="totop"><a href="#summary">back to summary</a></p>
<h3 id="m19">testCase_loginSignupFunctionality.LoginWithGoogleInvalidEmailTest#GoogleInvalidEmailLoginTest</h3><table class="result"><tr class="param"><th>Parameter #1</th></tr><tr class="param stripe"><td>{Password=abcd123, Comment=Invalid Email, Email=abcgmail.com}</td></tr></table><p class="totop"><a href="#summary">back to summary</a></p>
<h3 id="m20">testCase_loginSignupFunctionality.loginSignupGoogleClickTest#loginGoogleClickTest</h3><table class="result"><tr><th class="invisible"/></tr></table><p class="totop"><a href="#summary">back to summary</a></p>
<h3 id="m21">testingbuild.test1#test</h3><table class="result"><tr><th class="invisible"/></tr></table><p class="totop"><a href="#summary">back to summary</a></p>
</body>
</html>
