<!DOCTYPE html>

<html>
  <head>
  <meta charset='utf-8'>
  <title>TestNG reports</title>

    <link type="text/css" href="testng-reports1.css" rel="stylesheet" id="ultra" />
    <link type="text/css" href="testng-reports.css" rel="stylesheet" id="retro" disabled="false"/>
    <script type="text/javascript" src="jquery.min.js"></script>
    <script type="text/javascript" src="testng-reports.js"></script>
    <script type="text/javascript" src="https://www.google.com/jsapi"></script>
    <script type='text/javascript'>
      google.load('visualization', '1', {packages:['table']});
      google.setOnLoadCallback(drawTable);
      var suiteTableInitFunctions = new Array();
      var suiteTableData = new Array();
    </script>
    <!--
      <script type="text/javascript" src="jquery-ui/js/jquery-ui-1.8.16.custom.min.js"></script>
     -->
  </head>

  <body>
    <div class="top-banner-root">
      <span class="top-banner-title-font">Test results</span>
      <button class="button" id="button">Switch Retro Theme</button> <!-- button -->
      <br/>
      <span class="top-banner-font-1">1 suite, 12 failed tests</span>
    </div> <!-- top-banner-root -->
    <div class="navigator-root">
      <div class="navigator-suite-header">
        <span>All suites</span>
        <a href="#" class="collapse-all-link" title="Collapse/expand all the suites">
          <img class="collapse-all-icon" src="collapseall.gif">
          </img> <!-- collapse-all-icon -->
        </a> <!-- collapse-all-link -->
      </div> <!-- navigator-suite-header -->
      <div class="suite">
        <div class="rounded-window">
          <div class="suite-header light-rounded-window-top">
            <a href="#" class="navigator-link" panel-name="suite-Suite">
              <span class="suite-name border-failed">Suite</span>
            </a> <!-- navigator-link -->
          </div> <!-- suite-header light-rounded-window-top -->
          <div class="navigator-suite-content">
            <div class="suite-section-title">
              <span>Info</span>
            </div> <!-- suite-section-title -->
            <div class="suite-section-content">
              <ul>
                <li>
                  <a href="#" class="navigator-link " panel-name="test-xml-Suite">
                    <span>Z:\cognizant\javaprograms-eclipse\IdentifyNewBikesHackathon\testng.xml</span>
                  </a> <!-- navigator-link  -->
                </li>
                <li>
                  <a href="#" class="navigator-link " panel-name="testlist-Suite">
                    <span class="test-stats">1 test</span>
                  </a> <!-- navigator-link  -->
                </li>
                <li>
                  <a href="#" class="navigator-link " panel-name="group-Suite">
                    <span>0 groups</span>
                  </a> <!-- navigator-link  -->
                </li>
                <li>
                  <a href="#" class="navigator-link " panel-name="times-Suite">
                    <span>Times</span>
                  </a> <!-- navigator-link  -->
                </li>
                <li>
                  <a href="#" class="navigator-link " panel-name="reporter-Suite">
                    <span>Reporter output</span>
                  </a> <!-- navigator-link  -->
                </li>
                <li>
                  <a href="#" class="navigator-link " panel-name="ignored-methods-Suite">
                    <span>Ignored methods</span>
                  </a> <!-- navigator-link  -->
                </li>
                <li>
                  <a href="#" class="navigator-link " panel-name="chronological-Suite">
                    <span>Chronological view</span>
                  </a> <!-- navigator-link  -->
                </li>
              </ul>
            </div> <!-- suite-section-content -->
            <div class="result-section">
              <div class="suite-section-title">
                <span>Results</span>
              </div> <!-- suite-section-title -->
              <div class="suite-section-content">
                <ul>
                  <li>
                    <span class="method-stats">22 methods, 12 failed,   10 passed</span>
                  </li>
                  <li>
                    <span class="method-list-title failed">Failed methods</span>
                    <span class="show-or-hide-methods failed">
                      <a href="#" panel-name="suite-Suite" class="hide-methods failed suite-Suite"> (hide)</a> <!-- hide-methods failed suite-Suite -->
                      <a href="#" panel-name="suite-Suite" class="show-methods failed suite-Suite"> (show)</a> <!-- show-methods failed suite-Suite -->
                    </span>
                    <div class="method-list-content failed suite-Suite">
                      <span>
                        <img width="3%" src="failed.png"/>
                        <a href="#" class="method navigator-link" panel-name="suite-Suite" title="testCase_loginSignupFunctionality.LoginWithFacebookInvalidEmailTest" hash-for-method="FacebookInvalidEmailLoginTest({Password=test123, Comment=Invalid Email, Email=abcd@gmail.com})">FacebookInvalidEmailLoginTest({Password=test123, Comment=Invalid Email, Email=abcd@gmail.com})</a> <!-- method navigator-link -->
                      </span>
                      <br/>
                      <span>
                        <img width="3%" src="failed.png"/>
                        <a href="#" class="method navigator-link" panel-name="suite-Suite" title="testCase_loginSignupFunctionality.LoginWithGoogleInvalidPasswordTest" hash-for-method="GoogleInvalidPasswordTest({Password=abcd123, Comment=Invalid Password, Email=1802652.it.cec@cgc.edu.in})">GoogleInvalidPasswordTest({Password=abcd123, Comment=Invalid Password, Email=1802652.it.cec@cgc.edu.in})</a> <!-- method navigator-link -->
                      </span>
                      <br/>
                      <span>
                        <img width="3%" src="failed.png"/>
                        <a href="#" class="method navigator-link" panel-name="suite-Suite" title="testCase_UpcomingBikesDetails.alertMeLaunchTest" hash-for-method="alertMeTest">alertMeTest</a> <!-- method navigator-link -->
                      </span>
                      <br/>
                      <span>
                        <img width="3%" src="failed.png"/>
                        <a href="#" class="method navigator-link" panel-name="suite-Suite" title="testCase_ManufacturerFunctionality.viewHondaBikesTest" hash-for-method="bikeHondaVisbleTest">bikeHondaVisbleTest</a> <!-- method navigator-link -->
                      </span>
                      <br/>
                      <span>
                        <img width="3%" src="failed.png"/>
                        <a href="#" class="method navigator-link" panel-name="suite-Suite" title="testCase_loginSignupFunctionality.loginSignupDisplayedTest" hash-for-method="logSignVisibilityTest">logSignVisibilityTest</a> <!-- method navigator-link -->
                      </span>
                      <br/>
                      <span>
                        <img width="3%" src="failed.png"/>
                        <a href="#" class="method navigator-link" panel-name="suite-Suite" title="testCase_loginSignupFunctionality.loginSignupClickTest" hash-for-method="loginSignUpClickTest">loginSignUpClickTest</a> <!-- method navigator-link -->
                      </span>
                      <br/>
                      <span>
                        <img width="3%" src="failed.png"/>
                        <a href="#" class="method navigator-link" panel-name="suite-Suite" title="testCase_ManufacturerFunctionality.manufacturerDropdownVisibleTest" hash-for-method="manufacturerVisbleTest">manufacturerVisbleTest</a> <!-- method navigator-link -->
                      </span>
                      <br/>
                      <span>
                        <img width="3%" src="failed.png"/>
                        <a href="#" class="method navigator-link" panel-name="suite-Suite" title="testCase_UpcomingBikesDetails.nameUpcomingBikesTest" hash-for-method="nameHondaBikesVisbleTest">nameHondaBikesVisbleTest</a> <!-- method navigator-link -->
                      </span>
                      <br/>
                      <span>
                        <img width="3%" src="failed.png"/>
                        <a href="#" class="method navigator-link" panel-name="suite-Suite" title="testCase_NewBikesFunctionality.upcomingBikesUnder4LakhTest" hash-for-method="upcomingBikesTest">upcomingBikesTest</a> <!-- method navigator-link -->
                      </span>
                      <br/>
                      <span>
                        <img width="3%" src="failed.png"/>
                        <a href="#" class="method navigator-link" panel-name="suite-Suite" title="testCase_UsedCarsFunctionality.usedCarsChennaiVisibilityTest" hash-for-method="usedCarsChennaiVisibleTest">usedCarsChennaiVisibleTest</a> <!-- method navigator-link -->
                      </span>
                      <br/>
                      <span>
                        <img width="3%" src="failed.png"/>
                        <a href="#" class="method navigator-link" panel-name="suite-Suite" title="testCase_UsedCarsFunctionality.viewSellerDetailsTest" hash-for-method="usedCarsViewSellerTest">usedCarsViewSellerTest</a> <!-- method navigator-link -->
                      </span>
                      <br/>
                      <span>
                        <img width="3%" src="failed.png"/>
                        <a href="#" class="method navigator-link" panel-name="suite-Suite" title="testCase_UsedCarsFunctionality.usedCarsTabVisibleTest" hash-for-method="usedCarsVisibleTest">usedCarsVisibleTest</a> <!-- method navigator-link -->
                      </span>
                      <br/>
                    </div> <!-- method-list-content failed suite-Suite -->
                  </li>
                  <li>
                    <span class="method-list-title passed">Passed methods</span>
                    <span class="show-or-hide-methods passed">
                      <a href="#" panel-name="suite-Suite" class="hide-methods passed suite-Suite"> (hide)</a> <!-- hide-methods passed suite-Suite -->
                      <a href="#" panel-name="suite-Suite" class="show-methods passed suite-Suite"> (show)</a> <!-- show-methods passed suite-Suite -->
                    </span>
                    <div class="method-list-content passed suite-Suite">
                      <span>
                        <img width="3%" src="passed.png"/>
                        <a href="#" class="method navigator-link" panel-name="suite-Suite" title="testCase_loginSignupFunctionality.LoginWithFacebookInvalidPasswordTest" hash-for-method="FacebookInvalidPasswordLoginTest({Password=test123, Comment=Invalid Password, Email=dipender})">FacebookInvalidPasswordLoginTest({Password=test123, Comment=Invalid Password, Email=dipender})</a> <!-- method navigator-link -->
                      </span>
                      <br/>
                      <span>
                        <img width="3%" src="passed.png"/>
                        <a href="#" class="method navigator-link" panel-name="suite-Suite" title="testCase_loginSignupFunctionality.LoginWithGoogleInvalidEmailTest" hash-for-method="GoogleInvalidEmailLoginTest({Password=abcd123, Comment=Invalid Email, Email=abcgmail.com})">GoogleInvalidEmailLoginTest({Password=abcd123, Comment=Invalid Email, Email=abcgmail.com})</a> <!-- method navigator-link -->
                      </span>
                      <br/>
                      <span>
                        <img width="3%" src="passed.png"/>
                        <a href="#" class="method navigator-link" panel-name="suite-Suite" title="testCase_ManufacturerFunctionality.hondaVisibilityTest" hash-for-method="hondaVisibleTest">hondaVisibleTest</a> <!-- method navigator-link -->
                      </span>
                      <br/>
                      <span>
                        <img width="3%" src="passed.png"/>
                        <a href="#" class="method navigator-link" panel-name="suite-Suite" title="testCase_UpcomingBikesDetails.launchDateUpcomingBikesTest" hash-for-method="launchDateHondaBikesVisbleTest">launchDateHondaBikesVisbleTest</a> <!-- method navigator-link -->
                      </span>
                      <br/>
                      <span>
                        <img width="3%" src="passed.png"/>
                        <a href="#" class="method navigator-link" panel-name="suite-Suite" title="testCase_loginSignupFunctionality.loginSignupGoogleClickTest" hash-for-method="loginGoogleClickTest">loginGoogleClickTest</a> <!-- method navigator-link -->
                      </span>
                      <br/>
                      <span>
                        <img width="3%" src="passed.png"/>
                        <a href="#" class="method navigator-link" panel-name="suite-Suite" title="testCase_NewBikesFunctionality.newBikesTabVisibleTest" hash-for-method="newBikesVisibleTest">newBikesVisibleTest</a> <!-- method navigator-link -->
                      </span>
                      <br/>
                      <span>
                        <img width="3%" src="passed.png"/>
                        <a href="#" class="method navigator-link" panel-name="suite-Suite" title="testCase_UpcomingBikesDetails.priceUpcomingBikesTest" hash-for-method="priceHondaBikesVisbleTest">priceHondaBikesVisbleTest</a> <!-- method navigator-link -->
                      </span>
                      <br/>
                      <span>
                        <img width="3%" src="passed.png"/>
                        <a href="#" class="method navigator-link" panel-name="suite-Suite" title="testingbuild.test1" hash-for-method="test">test</a> <!-- method navigator-link -->
                      </span>
                      <br/>
                      <span>
                        <img width="3%" src="passed.png"/>
                        <a href="#" class="method navigator-link" panel-name="suite-Suite" title="testCase_NewBikesFunctionality.upcomingBikesVisibilityTest" hash-for-method="upcommingBikesVisibleTest">upcommingBikesVisibleTest</a> <!-- method navigator-link -->
                      </span>
                      <br/>
                      <span>
                        <img width="3%" src="passed.png"/>
                        <a href="#" class="method navigator-link" panel-name="suite-Suite" title="testCase_UsedCarsFunctionality.usedCarsPopularModelsTest" hash-for-method="usedCarsPopularModelTest">usedCarsPopularModelTest</a> <!-- method navigator-link -->
                      </span>
                      <br/>
                    </div> <!-- method-list-content passed suite-Suite -->
                  </li>
                </ul>
              </div> <!-- suite-section-content -->
            </div> <!-- result-section -->
          </div> <!-- navigator-suite-content -->
        </div> <!-- rounded-window -->
      </div> <!-- suite -->
    </div> <!-- navigator-root -->
    <div class="wrapper">
      <div class="main-panel-root">
        <div panel-name="suite-Suite" class="panel Suite">
          <div class="suite-Suite-class-failed">
            <div class="main-panel-header rounded-window-top">
              <img src="failed.png"/>
              <span class="class-name">testCase_loginSignupFunctionality.loginSignupClickTest</span>
            </div> <!-- main-panel-header rounded-window-top -->
            <div class="main-panel-content rounded-window-bottom">
              <div class="method">
                <div class="method-content">
                  <a name="loginSignUpClickTest">
                  </a> <!-- loginSignUpClickTest -->
                  <span class="method-name">loginSignUpClickTest</span>
                  <div class="stack-trace">java.lang.AssertionError: chrome not reachable
  (Session info: chrome=100.0.4896.60)
Build info: version: &apos;3.141.59&apos;, revision: &apos;e82be7d358&apos;, time: &apos;2018-11-14T08:17:03&apos;
System info: host: &apos;ISHA58&apos;, ip: &apos;192.168.134.1&apos;, os.name: &apos;Windows 10&apos;, os.arch: &apos;amd64&apos;, os.version: &apos;10.0&apos;, java.version: &apos;1.8.0_291&apos;
Driver info: org.openqa.selenium.chrome.ChromeDriver
Capabilities {acceptInsecureCerts: false, browserName: chrome, browserVersion: 100.0.4896.60, chrome: {chromedriverVersion: 100.0.4896.60 (6a5d10861ce8..., userDataDir: C:\Users\YOGESH~1\AppData\L...}, goog:chromeOptions: {debuggerAddress: localhost:57466}, javascriptEnabled: true, networkConnectionEnabled: false, pageLoadStrategy: normal, platform: WINDOWS, platformName: WINDOWS, proxy: Proxy(), setWindowRect: true, strictFileInteractability: false, timeouts: {implicit: 0, pageLoad: 300000, script: 30000}, unhandledPromptBehavior: dismiss and notify, webauthn:extension:credBlob: true, webauthn:extension:largeBlob: true, webauthn:virtualAuthenticators: true}
Session ID: 340e6454c8d07b8f1783f9e95ba2a0b8
*** Element info: {Using=id, value=alternate-login-close}
	at BaseClasses.PageBaseClass.reportFail(PageBaseClass.java:53)
	at BaseClasses.PageBaseClass.getElement(PageBaseClass.java:167)
	at BaseClasses.PageBaseClass.explicitlyWait(PageBaseClass.java:190)
	at Pages.LandingPage.clickLoginClose(LandingPage.java:103)
	at testCase_loginSignupFunctionality.loginSignupClickTest.loginSignUpClickTest(loginSignupClickTest.java:27)
	at java.util.ArrayList.forEach(ArrayList.java:1259)
... Removed 32 stack frames
</div> <!-- stack-trace -->
                </div> <!-- method-content -->
              </div> <!-- method -->
            </div> <!-- main-panel-content rounded-window-bottom -->
          </div> <!-- suite-Suite-class-failed -->
          <div class="suite-Suite-class-failed">
            <div class="main-panel-header rounded-window-top">
              <img src="failed.png"/>
              <span class="class-name">testCase_UpcomingBikesDetails.alertMeLaunchTest</span>
            </div> <!-- main-panel-header rounded-window-top -->
            <div class="main-panel-content rounded-window-bottom">
              <div class="method">
                <div class="method-content">
                  <a name="alertMeTest">
                  </a> <!-- alertMeTest -->
                  <span class="method-name">alertMeTest</span>
                  <div class="stack-trace">java.lang.AssertionError: chrome not reachable
  (Session info: chrome=100.0.4896.60)
Build info: version: &apos;3.141.59&apos;, revision: &apos;e82be7d358&apos;, time: &apos;2018-11-14T08:17:03&apos;
System info: host: &apos;ISHA58&apos;, ip: &apos;192.168.134.1&apos;, os.name: &apos;Windows 10&apos;, os.arch: &apos;amd64&apos;, os.version: &apos;10.0&apos;, java.version: &apos;1.8.0_291&apos;
Driver info: org.openqa.selenium.chrome.ChromeDriver
Capabilities {acceptInsecureCerts: false, browserName: chrome, browserVersion: 100.0.4896.60, chrome: {chromedriverVersion: 100.0.4896.60 (6a5d10861ce8..., userDataDir: C:\Users\YOGESH~1\AppData\L...}, goog:chromeOptions: {debuggerAddress: localhost:56830}, javascriptEnabled: true, networkConnectionEnabled: false, pageLoadStrategy: normal, platform: WINDOWS, platformName: WINDOWS, proxy: Proxy(), setWindowRect: true, strictFileInteractability: false, timeouts: {implicit: 0, pageLoad: 300000, script: 30000}, unhandledPromptBehavior: dismiss and notify, webauthn:extension:credBlob: true, webauthn:extension:largeBlob: true, webauthn:virtualAuthenticators: true}
Session ID: 30669dadaf8da8242d8ff46fe1db8b4f
*** Element info: {Using=id, value=alternate-login-close}
	at BaseClasses.PageBaseClass.reportFail(PageBaseClass.java:53)
	at BaseClasses.PageBaseClass.getElement(PageBaseClass.java:167)
	at BaseClasses.PageBaseClass.explicitlyWait(PageBaseClass.java:190)
	at Pages.LandingPage.clickLoginClose(LandingPage.java:103)
	at testCase_UpcomingBikesDetails.alertMeLaunchTest.alertMeTest(alertMeLaunchTest.java:27)
	at java.util.ArrayList.forEach(ArrayList.java:1259)
... Removed 32 stack frames
</div> <!-- stack-trace -->
                </div> <!-- method-content -->
              </div> <!-- method -->
            </div> <!-- main-panel-content rounded-window-bottom -->
          </div> <!-- suite-Suite-class-failed -->
          <div class="suite-Suite-class-failed">
            <div class="main-panel-header rounded-window-top">
              <img src="failed.png"/>
              <span class="class-name">testCase_UsedCarsFunctionality.usedCarsTabVisibleTest</span>
            </div> <!-- main-panel-header rounded-window-top -->
            <div class="main-panel-content rounded-window-bottom">
              <div class="method">
                <div class="method-content">
                  <a name="usedCarsVisibleTest">
                  </a> <!-- usedCarsVisibleTest -->
                  <span class="method-name">usedCarsVisibleTest</span>
                  <div class="stack-trace">java.lang.AssertionError: chrome not reachable
  (Session info: chrome=100.0.4896.60)
Build info: version: &apos;3.141.59&apos;, revision: &apos;e82be7d358&apos;, time: &apos;2018-11-14T08:17:03&apos;
System info: host: &apos;ISHA58&apos;, ip: &apos;192.168.134.1&apos;, os.name: &apos;Windows 10&apos;, os.arch: &apos;amd64&apos;, os.version: &apos;10.0&apos;, java.version: &apos;1.8.0_291&apos;
Driver info: org.openqa.selenium.chrome.ChromeDriver
Capabilities {acceptInsecureCerts: false, browserName: chrome, browserVersion: 100.0.4896.60, chrome: {chromedriverVersion: 100.0.4896.60 (6a5d10861ce8..., userDataDir: C:\Users\YOGESH~1\AppData\L...}, goog:chromeOptions: {debuggerAddress: localhost:51895}, javascriptEnabled: true, networkConnectionEnabled: false, pageLoadStrategy: normal, platform: WINDOWS, platformName: WINDOWS, proxy: Proxy(), setWindowRect: true, strictFileInteractability: false, timeouts: {implicit: 0, pageLoad: 300000, script: 30000}, unhandledPromptBehavior: dismiss and notify, webauthn:extension:credBlob: true, webauthn:extension:largeBlob: true, webauthn:virtualAuthenticators: true}
Session ID: a573a8720b0e8c0617c07a2c89cf48d0
*** Element info: {Using=id, value=alternate-login-close}
	at BaseClasses.PageBaseClass.reportFail(PageBaseClass.java:53)
	at BaseClasses.PageBaseClass.getElement(PageBaseClass.java:167)
	at BaseClasses.PageBaseClass.explicitlyWait(PageBaseClass.java:190)
	at Pages.LandingPage.clickLoginClose(LandingPage.java:103)
	at testCase_UsedCarsFunctionality.usedCarsTabVisibleTest.usedCarsVisibleTest(usedCarsTabVisibleTest.java:28)
	at java.util.ArrayList.forEach(ArrayList.java:1259)
... Removed 32 stack frames
</div> <!-- stack-trace -->
                </div> <!-- method-content -->
              </div> <!-- method -->
            </div> <!-- main-panel-content rounded-window-bottom -->
          </div> <!-- suite-Suite-class-failed -->
          <div class="suite-Suite-class-failed">
            <div class="main-panel-header rounded-window-top">
              <img src="failed.png"/>
              <span class="class-name">testCase_loginSignupFunctionality.loginSignupDisplayedTest</span>
            </div> <!-- main-panel-header rounded-window-top -->
            <div class="main-panel-content rounded-window-bottom">
              <div class="method">
                <div class="method-content">
                  <a name="logSignVisibilityTest">
                  </a> <!-- logSignVisibilityTest -->
                  <span class="method-name">logSignVisibilityTest</span>
                  <div class="stack-trace">java.lang.AssertionError: chrome not reachable
  (Session info: chrome=100.0.4896.60)
Build info: version: &apos;3.141.59&apos;, revision: &apos;e82be7d358&apos;, time: &apos;2018-11-14T08:17:03&apos;
System info: host: &apos;ISHA58&apos;, ip: &apos;192.168.134.1&apos;, os.name: &apos;Windows 10&apos;, os.arch: &apos;amd64&apos;, os.version: &apos;10.0&apos;, java.version: &apos;1.8.0_291&apos;
Driver info: org.openqa.selenium.chrome.ChromeDriver
Capabilities {acceptInsecureCerts: false, browserName: chrome, browserVersion: 100.0.4896.60, chrome: {chromedriverVersion: 100.0.4896.60 (6a5d10861ce8..., userDataDir: C:\Users\YOGESH~1\AppData\L...}, goog:chromeOptions: {debuggerAddress: localhost:57540}, javascriptEnabled: true, networkConnectionEnabled: false, pageLoadStrategy: normal, platform: WINDOWS, platformName: WINDOWS, proxy: Proxy(), setWindowRect: true, strictFileInteractability: false, timeouts: {implicit: 0, pageLoad: 300000, script: 30000}, unhandledPromptBehavior: dismiss and notify, webauthn:extension:credBlob: true, webauthn:extension:largeBlob: true, webauthn:virtualAuthenticators: true}
Session ID: 95b4fae07d0c21587dfa5c9e2ba20e24
*** Element info: {Using=id, value=alternate-login-close}
	at BaseClasses.PageBaseClass.reportFail(PageBaseClass.java:53)
	at BaseClasses.PageBaseClass.getElement(PageBaseClass.java:167)
	at BaseClasses.PageBaseClass.explicitlyWait(PageBaseClass.java:190)
	at Pages.LandingPage.clickLoginClose(LandingPage.java:103)
	at testCase_loginSignupFunctionality.loginSignupDisplayedTest.logSignVisibilityTest(loginSignupDisplayedTest.java:27)
	at java.util.ArrayList.forEach(ArrayList.java:1259)
... Removed 32 stack frames
</div> <!-- stack-trace -->
                </div> <!-- method-content -->
              </div> <!-- method -->
            </div> <!-- main-panel-content rounded-window-bottom -->
          </div> <!-- suite-Suite-class-failed -->
          <div class="suite-Suite-class-failed">
            <div class="main-panel-header rounded-window-top">
              <img src="failed.png"/>
              <span class="class-name">testCase_loginSignupFunctionality.LoginWithFacebookInvalidEmailTest</span>
            </div> <!-- main-panel-header rounded-window-top -->
            <div class="main-panel-content rounded-window-bottom">
              <div class="method">
                <div class="method-content">
                  <a name="FacebookInvalidEmailLoginTest({Password=test123, Comment=Invalid Email, Email=abcd@gmail.com})">
                  </a> <!-- FacebookInvalidEmailLoginTest({Password=test123, Comment=Invalid Email, Email=abcd@gmail.com}) -->
                  <span class="method-name">FacebookInvalidEmailLoginTest</span>
                  <span class="parameters">({Password=test123, Comment=Invalid Email, Email=abcd@gmail.com})</span>
                  <div class="stack-trace">java.lang.AssertionError: chrome not reachable
  (Session info: chrome=100.0.4896.60)
Build info: version: &apos;3.141.59&apos;, revision: &apos;e82be7d358&apos;, time: &apos;2018-11-14T08:17:03&apos;
System info: host: &apos;ISHA58&apos;, ip: &apos;192.168.134.1&apos;, os.name: &apos;Windows 10&apos;, os.arch: &apos;amd64&apos;, os.version: &apos;10.0&apos;, java.version: &apos;1.8.0_291&apos;
Driver info: org.openqa.selenium.chrome.ChromeDriver
Capabilities {acceptInsecureCerts: false, browserName: chrome, browserVersion: 100.0.4896.60, chrome: {chromedriverVersion: 100.0.4896.60 (6a5d10861ce8..., userDataDir: C:\Users\YOGESH~1\AppData\L...}, goog:chromeOptions: {debuggerAddress: localhost:51854}, javascriptEnabled: true, networkConnectionEnabled: false, pageLoadStrategy: normal, platform: WINDOWS, platformName: WINDOWS, proxy: Proxy(), setWindowRect: true, strictFileInteractability: false, timeouts: {implicit: 0, pageLoad: 300000, script: 30000}, unhandledPromptBehavior: dismiss and notify, webauthn:extension:credBlob: true, webauthn:extension:largeBlob: true, webauthn:virtualAuthenticators: true}
Session ID: 1f3e3ef3429b32e77d179aae85296a1d
*** Element info: {Using=id, value=forum_login_title_lg}
	at BaseClasses.PageBaseClass.reportFail(PageBaseClass.java:53)
	at BaseClasses.PageBaseClass.getElement(PageBaseClass.java:167)
	at BaseClasses.PageBaseClass.elementClick(PageBaseClass.java:177)
	at Pages.LandingPage.clickLoginSignupButton(LandingPage.java:85)
	at testCase_loginSignupFunctionality.LoginWithFacebookInvalidEmailTest.FacebookInvalidEmailLoginTest(LoginWithFacebookInvalidEmailTest.java:32)
	at java.util.ArrayList.forEach(ArrayList.java:1259)
... Removed 32 stack frames
</div> <!-- stack-trace -->
                </div> <!-- method-content -->
              </div> <!-- method -->
            </div> <!-- main-panel-content rounded-window-bottom -->
          </div> <!-- suite-Suite-class-failed -->
          <div class="suite-Suite-class-failed">
            <div class="main-panel-header rounded-window-top">
              <img src="failed.png"/>
              <span class="class-name">testCase_UsedCarsFunctionality.viewSellerDetailsTest</span>
            </div> <!-- main-panel-header rounded-window-top -->
            <div class="main-panel-content rounded-window-bottom">
              <div class="method">
                <div class="method-content">
                  <a name="usedCarsViewSellerTest">
                  </a> <!-- usedCarsViewSellerTest -->
                  <span class="method-name">usedCarsViewSellerTest</span>
                  <div class="stack-trace">java.lang.AssertionError: chrome not reachable
  (Session info: chrome=100.0.4896.60)
Build info: version: &apos;3.141.59&apos;, revision: &apos;e82be7d358&apos;, time: &apos;2018-11-14T08:17:03&apos;
System info: host: &apos;ISHA58&apos;, ip: &apos;192.168.134.1&apos;, os.name: &apos;Windows 10&apos;, os.arch: &apos;amd64&apos;, os.version: &apos;10.0&apos;, java.version: &apos;1.8.0_291&apos;
Driver info: org.openqa.selenium.chrome.ChromeDriver
Capabilities {acceptInsecureCerts: false, browserName: chrome, browserVersion: 100.0.4896.60, chrome: {chromedriverVersion: 100.0.4896.60 (6a5d10861ce8..., userDataDir: C:\Users\YOGESH~1\AppData\L...}, goog:chromeOptions: {debuggerAddress: localhost:51984}, javascriptEnabled: true, networkConnectionEnabled: false, pageLoadStrategy: normal, platform: WINDOWS, platformName: WINDOWS, proxy: Proxy(), setWindowRect: true, strictFileInteractability: false, timeouts: {implicit: 0, pageLoad: 300000, script: 30000}, unhandledPromptBehavior: dismiss and notify, webauthn:extension:credBlob: true, webauthn:extension:largeBlob: true, webauthn:virtualAuthenticators: true}
Session ID: 584129fda5fe48b9892e29870e359099
*** Element info: {Using=id, value=alternate-login-close}
	at BaseClasses.PageBaseClass.reportFail(PageBaseClass.java:53)
	at BaseClasses.PageBaseClass.getElement(PageBaseClass.java:167)
	at BaseClasses.PageBaseClass.explicitlyWait(PageBaseClass.java:190)
	at Pages.LandingPage.clickLoginClose(LandingPage.java:103)
	at testCase_UsedCarsFunctionality.viewSellerDetailsTest.usedCarsViewSellerTest(viewSellerDetailsTest.java:28)
	at java.util.ArrayList.forEach(ArrayList.java:1259)
... Removed 32 stack frames
</div> <!-- stack-trace -->
                </div> <!-- method-content -->
              </div> <!-- method -->
            </div> <!-- main-panel-content rounded-window-bottom -->
          </div> <!-- suite-Suite-class-failed -->
          <div class="suite-Suite-class-failed">
            <div class="main-panel-header rounded-window-top">
              <img src="failed.png"/>
              <span class="class-name">testCase_ManufacturerFunctionality.manufacturerDropdownVisibleTest</span>
            </div> <!-- main-panel-header rounded-window-top -->
            <div class="main-panel-content rounded-window-bottom">
              <div class="method">
                <div class="method-content">
                  <a name="manufacturerVisbleTest">
                  </a> <!-- manufacturerVisbleTest -->
                  <span class="method-name">manufacturerVisbleTest</span>
                  <div class="stack-trace">java.lang.AssertionError: chrome not reachable
  (Session info: chrome=100.0.4896.60)
Build info: version: &apos;3.141.59&apos;, revision: &apos;e82be7d358&apos;, time: &apos;2018-11-14T08:17:03&apos;
System info: host: &apos;ISHA58&apos;, ip: &apos;192.168.134.1&apos;, os.name: &apos;Windows 10&apos;, os.arch: &apos;amd64&apos;, os.version: &apos;10.0&apos;, java.version: &apos;1.8.0_291&apos;
Driver info: org.openqa.selenium.chrome.ChromeDriver
Capabilities {acceptInsecureCerts: false, browserName: chrome, browserVersion: 100.0.4896.60, chrome: {chromedriverVersion: 100.0.4896.60 (6a5d10861ce8..., userDataDir: C:\Users\YOGESH~1\AppData\L...}, goog:chromeOptions: {debuggerAddress: localhost:51937}, javascriptEnabled: true, networkConnectionEnabled: false, pageLoadStrategy: normal, platform: WINDOWS, platformName: WINDOWS, proxy: Proxy(), setWindowRect: true, strictFileInteractability: false, timeouts: {implicit: 0, pageLoad: 300000, script: 30000}, unhandledPromptBehavior: dismiss and notify, webauthn:extension:credBlob: true, webauthn:extension:largeBlob: true, webauthn:virtualAuthenticators: true}
Session ID: 3a4ceece6660523185b8319ab2816183
*** Element info: {Using=id, value=alternate-login-close}
	at BaseClasses.PageBaseClass.reportFail(PageBaseClass.java:53)
	at BaseClasses.PageBaseClass.getElement(PageBaseClass.java:167)
	at BaseClasses.PageBaseClass.explicitlyWait(PageBaseClass.java:190)
	at Pages.LandingPage.clickLoginClose(LandingPage.java:103)
	at testCase_ManufacturerFunctionality.manufacturerDropdownVisibleTest.manufacturerVisbleTest(manufacturerDropdownVisibleTest.java:27)
	at java.util.ArrayList.forEach(ArrayList.java:1259)
... Removed 32 stack frames
</div> <!-- stack-trace -->
                </div> <!-- method-content -->
              </div> <!-- method -->
            </div> <!-- main-panel-content rounded-window-bottom -->
          </div> <!-- suite-Suite-class-failed -->
          <div class="suite-Suite-class-failed">
            <div class="main-panel-header rounded-window-top">
              <img src="failed.png"/>
              <span class="class-name">testCase_loginSignupFunctionality.LoginWithGoogleInvalidPasswordTest</span>
            </div> <!-- main-panel-header rounded-window-top -->
            <div class="main-panel-content rounded-window-bottom">
              <div class="method">
                <div class="method-content">
                  <a name="GoogleInvalidPasswordTest({Password=abcd123, Comment=Invalid Password, Email=1802652.it.cec@cgc.edu.in})">
                  </a> <!-- GoogleInvalidPasswordTest({Password=abcd123, Comment=Invalid Password, Email=1802652.it.cec@cgc.edu.in}) -->
                  <span class="method-name">GoogleInvalidPasswordTest</span>
                  <span class="parameters">({Password=abcd123, Comment=Invalid Password, Email=1802652.it.cec@cgc.edu.in})</span>
                  <div class="stack-trace">java.lang.AssertionError: chrome not reachable
  (Session info: chrome=100.0.4896.60)
Build info: version: &apos;3.141.59&apos;, revision: &apos;e82be7d358&apos;, time: &apos;2018-11-14T08:17:03&apos;
System info: host: &apos;ISHA58&apos;, ip: &apos;192.168.134.1&apos;, os.name: &apos;Windows 10&apos;, os.arch: &apos;amd64&apos;, os.version: &apos;10.0&apos;, java.version: &apos;1.8.0_291&apos;
Driver info: org.openqa.selenium.chrome.ChromeDriver
Capabilities {acceptInsecureCerts: false, browserName: chrome, browserVersion: 100.0.4896.60, chrome: {chromedriverVersion: 100.0.4896.60 (6a5d10861ce8..., userDataDir: C:\Users\YOGESH~1\AppData\L...}, goog:chromeOptions: {debuggerAddress: localhost:56718}, javascriptEnabled: true, networkConnectionEnabled: false, pageLoadStrategy: normal, platform: WINDOWS, platformName: WINDOWS, proxy: Proxy(), setWindowRect: true, strictFileInteractability: false, timeouts: {implicit: 0, pageLoad: 300000, script: 30000}, unhandledPromptBehavior: dismiss and notify, webauthn:extension:credBlob: true, webauthn:extension:largeBlob: true, webauthn:virtualAuthenticators: true}
Session ID: 866aca07eb3ff325d65c82917ff4e673
*** Element info: {Using=id, value=forum_login_title_lg}
	at BaseClasses.PageBaseClass.reportFail(PageBaseClass.java:53)
	at BaseClasses.PageBaseClass.getElement(PageBaseClass.java:167)
	at BaseClasses.PageBaseClass.elementClick(PageBaseClass.java:177)
	at Pages.LandingPage.clickLoginSignupButton(LandingPage.java:85)
	at testCase_loginSignupFunctionality.LoginWithGoogleInvalidPasswordTest.GoogleInvalidPasswordTest(LoginWithGoogleInvalidPasswordTest.java:31)
	at java.util.ArrayList.forEach(ArrayList.java:1259)
... Removed 32 stack frames
</div> <!-- stack-trace -->
                </div> <!-- method-content -->
              </div> <!-- method -->
            </div> <!-- main-panel-content rounded-window-bottom -->
          </div> <!-- suite-Suite-class-failed -->
          <div class="suite-Suite-class-failed">
            <div class="main-panel-header rounded-window-top">
              <img src="failed.png"/>
              <span class="class-name">testCase_UpcomingBikesDetails.nameUpcomingBikesTest</span>
            </div> <!-- main-panel-header rounded-window-top -->
            <div class="main-panel-content rounded-window-bottom">
              <div class="method">
                <div class="method-content">
                  <a name="nameHondaBikesVisbleTest">
                  </a> <!-- nameHondaBikesVisbleTest -->
                  <span class="method-name">nameHondaBikesVisbleTest</span>
                  <div class="stack-trace">java.lang.AssertionError: unknown error: cannot determine loading status
from target frame detached
  (Session info: chrome=100.0.4896.60)
Build info: version: &apos;3.141.59&apos;, revision: &apos;e82be7d358&apos;, time: &apos;2018-11-14T08:17:03&apos;
System info: host: &apos;ISHA58&apos;, ip: &apos;192.168.134.1&apos;, os.name: &apos;Windows 10&apos;, os.arch: &apos;amd64&apos;, os.version: &apos;10.0&apos;, java.version: &apos;1.8.0_291&apos;
Driver info: org.openqa.selenium.chrome.ChromeDriver
Capabilities {acceptInsecureCerts: false, browserName: chrome, browserVersion: 100.0.4896.60, chrome: {chromedriverVersion: 100.0.4896.60 (6a5d10861ce8..., userDataDir: C:\Users\YOGESH~1\AppData\L...}, goog:chromeOptions: {debuggerAddress: localhost:57601}, javascriptEnabled: true, networkConnectionEnabled: false, pageLoadStrategy: normal, platform: WINDOWS, platformName: WINDOWS, proxy: Proxy(), setWindowRect: true, strictFileInteractability: false, timeouts: {implicit: 0, pageLoad: 300000, script: 30000}, unhandledPromptBehavior: dismiss and notify, webauthn:extension:credBlob: true, webauthn:extension:largeBlob: true, webauthn:virtualAuthenticators: true}
Session ID: 37024b1f0c0c3ec022623f74afffa0d8
	at BaseClasses.PageBaseClass.reportFail(PageBaseClass.java:53)
	at BaseClasses.PageBaseClass.elementClick(PageBaseClass.java:181)
	at BaseClasses.TopMenuClass.clickNewBikes(TopMenuClass.java:25)
	at testCase_UpcomingBikesDetails.nameUpcomingBikesTest.nameHondaBikesVisbleTest(nameUpcomingBikesTest.java:29)
	at java.util.ArrayList.forEach(ArrayList.java:1259)
... Removed 32 stack frames
</div> <!-- stack-trace -->
                </div> <!-- method-content -->
              </div> <!-- method -->
            </div> <!-- main-panel-content rounded-window-bottom -->
          </div> <!-- suite-Suite-class-failed -->
          <div class="suite-Suite-class-failed">
            <div class="main-panel-header rounded-window-top">
              <img src="failed.png"/>
              <span class="class-name">testCase_ManufacturerFunctionality.viewHondaBikesTest</span>
            </div> <!-- main-panel-header rounded-window-top -->
            <div class="main-panel-content rounded-window-bottom">
              <div class="method">
                <div class="method-content">
                  <a name="bikeHondaVisbleTest">
                  </a> <!-- bikeHondaVisbleTest -->
                  <span class="method-name">bikeHondaVisbleTest</span>
                  <div class="stack-trace">java.lang.AssertionError: chrome not reachable
  (Session info: chrome=100.0.4896.60)
Build info: version: &apos;3.141.59&apos;, revision: &apos;e82be7d358&apos;, time: &apos;2018-11-14T08:17:03&apos;
System info: host: &apos;ISHA58&apos;, ip: &apos;192.168.134.1&apos;, os.name: &apos;Windows 10&apos;, os.arch: &apos;amd64&apos;, os.version: &apos;10.0&apos;, java.version: &apos;1.8.0_291&apos;
Driver info: org.openqa.selenium.chrome.ChromeDriver
Capabilities {acceptInsecureCerts: false, browserName: chrome, browserVersion: 100.0.4896.60, chrome: {chromedriverVersion: 100.0.4896.60 (6a5d10861ce8..., userDataDir: C:\Users\YOGESH~1\AppData\L...}, goog:chromeOptions: {debuggerAddress: localhost:52174}, javascriptEnabled: true, networkConnectionEnabled: false, pageLoadStrategy: normal, platform: WINDOWS, platformName: WINDOWS, proxy: Proxy(), setWindowRect: true, strictFileInteractability: false, timeouts: {implicit: 0, pageLoad: 300000, script: 30000}, unhandledPromptBehavior: dismiss and notify, webauthn:extension:credBlob: true, webauthn:extension:largeBlob: true, webauthn:virtualAuthenticators: true}
Session ID: 940741330deca0ca160c9f8b9281efbc
*** Element info: {Using=id, value=alternate-login-close}
	at BaseClasses.PageBaseClass.reportFail(PageBaseClass.java:53)
	at BaseClasses.PageBaseClass.getElement(PageBaseClass.java:167)
	at BaseClasses.PageBaseClass.explicitlyWait(PageBaseClass.java:190)
	at Pages.LandingPage.clickLoginClose(LandingPage.java:103)
	at testCase_ManufacturerFunctionality.viewHondaBikesTest.bikeHondaVisbleTest(viewHondaBikesTest.java:27)
	at java.util.ArrayList.forEach(ArrayList.java:1259)
... Removed 32 stack frames
</div> <!-- stack-trace -->
                </div> <!-- method-content -->
              </div> <!-- method -->
            </div> <!-- main-panel-content rounded-window-bottom -->
          </div> <!-- suite-Suite-class-failed -->
          <div class="suite-Suite-class-failed">
            <div class="main-panel-header rounded-window-top">
              <img src="failed.png"/>
              <span class="class-name">testCase_NewBikesFunctionality.upcomingBikesUnder4LakhTest</span>
            </div> <!-- main-panel-header rounded-window-top -->
            <div class="main-panel-content rounded-window-bottom">
              <div class="method">
                <div class="method-content">
                  <a name="upcomingBikesTest">
                  </a> <!-- upcomingBikesTest -->
                  <span class="method-name">upcomingBikesTest</span>
                  <div class="stack-trace">java.lang.AssertionError: chrome not reachable
  (Session info: chrome=100.0.4896.60)
Build info: version: &apos;3.141.59&apos;, revision: &apos;e82be7d358&apos;, time: &apos;2018-11-14T08:17:03&apos;
System info: host: &apos;ISHA58&apos;, ip: &apos;192.168.134.1&apos;, os.name: &apos;Windows 10&apos;, os.arch: &apos;amd64&apos;, os.version: &apos;10.0&apos;, java.version: &apos;1.8.0_291&apos;
Driver info: org.openqa.selenium.chrome.ChromeDriver
Capabilities {acceptInsecureCerts: false, browserName: chrome, browserVersion: 100.0.4896.60, chrome: {chromedriverVersion: 100.0.4896.60 (6a5d10861ce8..., userDataDir: C:\Users\YOGESH~1\AppData\L...}, goog:chromeOptions: {debuggerAddress: localhost:52023}, javascriptEnabled: true, networkConnectionEnabled: false, pageLoadStrategy: normal, platform: WINDOWS, platformName: WINDOWS, proxy: Proxy(), setWindowRect: true, strictFileInteractability: false, timeouts: {implicit: 0, pageLoad: 300000, script: 30000}, unhandledPromptBehavior: dismiss and notify, webauthn:extension:credBlob: true, webauthn:extension:largeBlob: true, webauthn:virtualAuthenticators: true}
Session ID: 915bd18340fec6c2057362850926e56f
*** Element info: {Using=id, value=alternate-login-close}
	at BaseClasses.PageBaseClass.reportFail(PageBaseClass.java:53)
	at BaseClasses.PageBaseClass.getElement(PageBaseClass.java:167)
	at BaseClasses.PageBaseClass.explicitlyWait(PageBaseClass.java:190)
	at Pages.LandingPage.clickLoginClose(LandingPage.java:103)
	at testCase_NewBikesFunctionality.upcomingBikesUnder4LakhTest.upcomingBikesTest(upcomingBikesUnder4LakhTest.java:30)
	at java.util.ArrayList.forEach(ArrayList.java:1259)
... Removed 32 stack frames
</div> <!-- stack-trace -->
                </div> <!-- method-content -->
              </div> <!-- method -->
            </div> <!-- main-panel-content rounded-window-bottom -->
          </div> <!-- suite-Suite-class-failed -->
          <div class="suite-Suite-class-failed">
            <div class="main-panel-header rounded-window-top">
              <img src="failed.png"/>
              <span class="class-name">testCase_UsedCarsFunctionality.usedCarsChennaiVisibilityTest</span>
            </div> <!-- main-panel-header rounded-window-top -->
            <div class="main-panel-content rounded-window-bottom">
              <div class="method">
                <div class="method-content">
                  <a name="usedCarsChennaiVisibleTest">
                  </a> <!-- usedCarsChennaiVisibleTest -->
                  <span class="method-name">usedCarsChennaiVisibleTest</span>
                  <div class="stack-trace">java.lang.AssertionError: no such window: target window already closed
from unknown error: web view not found
  (Session info: chrome=100.0.4896.60)
Build info: version: &apos;3.141.59&apos;, revision: &apos;e82be7d358&apos;, time: &apos;2018-11-14T08:17:03&apos;
System info: host: &apos;ISHA58&apos;, ip: &apos;192.168.134.1&apos;, os.name: &apos;Windows 10&apos;, os.arch: &apos;amd64&apos;, os.version: &apos;10.0&apos;, java.version: &apos;1.8.0_291&apos;
Driver info: org.openqa.selenium.chrome.ChromeDriver
Capabilities {acceptInsecureCerts: false, browserName: chrome, browserVersion: 100.0.4896.60, chrome: {chromedriverVersion: 100.0.4896.60 (6a5d10861ce8..., userDataDir: C:\Users\YOGESH~1\AppData\L...}, goog:chromeOptions: {debuggerAddress: localhost:57583}, javascriptEnabled: true, networkConnectionEnabled: false, pageLoadStrategy: normal, platform: WINDOWS, platformName: WINDOWS, proxy: Proxy(), setWindowRect: true, strictFileInteractability: false, timeouts: {implicit: 0, pageLoad: 300000, script: 30000}, unhandledPromptBehavior: dismiss and notify, webauthn:extension:credBlob: true, webauthn:extension:largeBlob: true, webauthn:virtualAuthenticators: true}
Session ID: 127deb727d44f58890ac2b5f92aba9ce
*** Element info: {Using=id, value=alternate-login-close}
	at BaseClasses.PageBaseClass.reportFail(PageBaseClass.java:53)
	at BaseClasses.PageBaseClass.getElement(PageBaseClass.java:167)
	at BaseClasses.PageBaseClass.explicitlyWait(PageBaseClass.java:190)
	at Pages.LandingPage.clickLoginClose(LandingPage.java:103)
	at testCase_UsedCarsFunctionality.usedCarsChennaiVisibilityTest.usedCarsChennaiVisibleTest(usedCarsChennaiVisibilityTest.java:28)
	at java.util.ArrayList.forEach(ArrayList.java:1259)
... Removed 32 stack frames
</div> <!-- stack-trace -->
                </div> <!-- method-content -->
              </div> <!-- method -->
            </div> <!-- main-panel-content rounded-window-bottom -->
          </div> <!-- suite-Suite-class-failed -->
          <div class="suite-Suite-class-passed">
            <div class="main-panel-header rounded-window-top">
              <img src="passed.png"/>
              <span class="class-name">testingbuild.test1</span>
            </div> <!-- main-panel-header rounded-window-top -->
            <div class="main-panel-content rounded-window-bottom">
              <div class="method">
                <div class="method-content">
                  <a name="test">
                  </a> <!-- test -->
                  <span class="method-name">test</span>
                </div> <!-- method-content -->
              </div> <!-- method -->
            </div> <!-- main-panel-content rounded-window-bottom -->
          </div> <!-- suite-Suite-class-passed -->
          <div class="suite-Suite-class-passed">
            <div class="main-panel-header rounded-window-top">
              <img src="passed.png"/>
              <span class="class-name">testCase_UpcomingBikesDetails.launchDateUpcomingBikesTest</span>
            </div> <!-- main-panel-header rounded-window-top -->
            <div class="main-panel-content rounded-window-bottom">
              <div class="method">
                <div class="method-content">
                  <a name="launchDateHondaBikesVisbleTest">
                  </a> <!-- launchDateHondaBikesVisbleTest -->
                  <span class="method-name">launchDateHondaBikesVisbleTest</span>
                </div> <!-- method-content -->
              </div> <!-- method -->
            </div> <!-- main-panel-content rounded-window-bottom -->
          </div> <!-- suite-Suite-class-passed -->
          <div class="suite-Suite-class-passed">
            <div class="main-panel-header rounded-window-top">
              <img src="passed.png"/>
              <span class="class-name">testCase_NewBikesFunctionality.upcomingBikesVisibilityTest</span>
            </div> <!-- main-panel-header rounded-window-top -->
            <div class="main-panel-content rounded-window-bottom">
              <div class="method">
                <div class="method-content">
                  <a name="upcommingBikesVisibleTest">
                  </a> <!-- upcommingBikesVisibleTest -->
                  <span class="method-name">upcommingBikesVisibleTest</span>
                </div> <!-- method-content -->
              </div> <!-- method -->
            </div> <!-- main-panel-content rounded-window-bottom -->
          </div> <!-- suite-Suite-class-passed -->
          <div class="suite-Suite-class-passed">
            <div class="main-panel-header rounded-window-top">
              <img src="passed.png"/>
              <span class="class-name">testCase_UsedCarsFunctionality.usedCarsPopularModelsTest</span>
            </div> <!-- main-panel-header rounded-window-top -->
            <div class="main-panel-content rounded-window-bottom">
              <div class="method">
                <div class="method-content">
                  <a name="usedCarsPopularModelTest">
                  </a> <!-- usedCarsPopularModelTest -->
                  <span class="method-name">usedCarsPopularModelTest</span>
                </div> <!-- method-content -->
              </div> <!-- method -->
            </div> <!-- main-panel-content rounded-window-bottom -->
          </div> <!-- suite-Suite-class-passed -->
          <div class="suite-Suite-class-passed">
            <div class="main-panel-header rounded-window-top">
              <img src="passed.png"/>
              <span class="class-name">testCase_UpcomingBikesDetails.priceUpcomingBikesTest</span>
            </div> <!-- main-panel-header rounded-window-top -->
            <div class="main-panel-content rounded-window-bottom">
              <div class="method">
                <div class="method-content">
                  <a name="priceHondaBikesVisbleTest">
                  </a> <!-- priceHondaBikesVisbleTest -->
                  <span class="method-name">priceHondaBikesVisbleTest</span>
                </div> <!-- method-content -->
              </div> <!-- method -->
            </div> <!-- main-panel-content rounded-window-bottom -->
          </div> <!-- suite-Suite-class-passed -->
          <div class="suite-Suite-class-passed">
            <div class="main-panel-header rounded-window-top">
              <img src="passed.png"/>
              <span class="class-name">testCase_ManufacturerFunctionality.hondaVisibilityTest</span>
            </div> <!-- main-panel-header rounded-window-top -->
            <div class="main-panel-content rounded-window-bottom">
              <div class="method">
                <div class="method-content">
                  <a name="hondaVisibleTest">
                  </a> <!-- hondaVisibleTest -->
                  <span class="method-name">hondaVisibleTest</span>
                </div> <!-- method-content -->
              </div> <!-- method -->
            </div> <!-- main-panel-content rounded-window-bottom -->
          </div> <!-- suite-Suite-class-passed -->
          <div class="suite-Suite-class-passed">
            <div class="main-panel-header rounded-window-top">
              <img src="passed.png"/>
              <span class="class-name">testCase_loginSignupFunctionality.LoginWithGoogleInvalidEmailTest</span>
            </div> <!-- main-panel-header rounded-window-top -->
            <div class="main-panel-content rounded-window-bottom">
              <div class="method">
                <div class="method-content">
                  <a name="GoogleInvalidEmailLoginTest({Password=abcd123, Comment=Invalid Email, Email=abcgmail.com})">
                  </a> <!-- GoogleInvalidEmailLoginTest({Password=abcd123, Comment=Invalid Email, Email=abcgmail.com}) -->
                  <span class="method-name">GoogleInvalidEmailLoginTest</span>
                  <span class="parameters">({Password=abcd123, Comment=Invalid Email, Email=abcgmail.com})</span>
                </div> <!-- method-content -->
              </div> <!-- method -->
            </div> <!-- main-panel-content rounded-window-bottom -->
          </div> <!-- suite-Suite-class-passed -->
          <div class="suite-Suite-class-passed">
            <div class="main-panel-header rounded-window-top">
              <img src="passed.png"/>
              <span class="class-name">testCase_loginSignupFunctionality.LoginWithFacebookInvalidPasswordTest</span>
            </div> <!-- main-panel-header rounded-window-top -->
            <div class="main-panel-content rounded-window-bottom">
              <div class="method">
                <div class="method-content">
                  <a name="FacebookInvalidPasswordLoginTest({Password=test123, Comment=Invalid Password, Email=dipender})">
                  </a> <!-- FacebookInvalidPasswordLoginTest({Password=test123, Comment=Invalid Password, Email=dipender}) -->
                  <span class="method-name">FacebookInvalidPasswordLoginTest</span>
                  <span class="parameters">({Password=test123, Comment=Invalid Password, Email=dipender})</span>
                </div> <!-- method-content -->
              </div> <!-- method -->
            </div> <!-- main-panel-content rounded-window-bottom -->
          </div> <!-- suite-Suite-class-passed -->
          <div class="suite-Suite-class-passed">
            <div class="main-panel-header rounded-window-top">
              <img src="passed.png"/>
              <span class="class-name">testCase_loginSignupFunctionality.loginSignupGoogleClickTest</span>
            </div> <!-- main-panel-header rounded-window-top -->
            <div class="main-panel-content rounded-window-bottom">
              <div class="method">
                <div class="method-content">
                  <a name="loginGoogleClickTest">
                  </a> <!-- loginGoogleClickTest -->
                  <span class="method-name">loginGoogleClickTest</span>
                </div> <!-- method-content -->
              </div> <!-- method -->
            </div> <!-- main-panel-content rounded-window-bottom -->
          </div> <!-- suite-Suite-class-passed -->
          <div class="suite-Suite-class-passed">
            <div class="main-panel-header rounded-window-top">
              <img src="passed.png"/>
              <span class="class-name">testCase_NewBikesFunctionality.newBikesTabVisibleTest</span>
            </div> <!-- main-panel-header rounded-window-top -->
            <div class="main-panel-content rounded-window-bottom">
              <div class="method">
                <div class="method-content">
                  <a name="newBikesVisibleTest">
                  </a> <!-- newBikesVisibleTest -->
                  <span class="method-name">newBikesVisibleTest</span>
                </div> <!-- method-content -->
              </div> <!-- method -->
            </div> <!-- main-panel-content rounded-window-bottom -->
          </div> <!-- suite-Suite-class-passed -->
        </div> <!-- panel Suite -->
        <div panel-name="test-xml-Suite" class="panel">
          <div class="main-panel-header rounded-window-top">
            <span class="header-content">Z:\cognizant\javaprograms-eclipse\IdentifyNewBikesHackathon\testng.xml</span>
          </div> <!-- main-panel-header rounded-window-top -->
          <div class="main-panel-content rounded-window-bottom">
            <pre>
&lt;?xml version=&quot;1.0&quot; encoding=&quot;UTF-8&quot;?&gt;
&lt;!DOCTYPE suite SYSTEM &quot;https://testng.org/testng-1.0.dtd&quot;&gt;
&lt;suite guice-stage=&quot;DEVELOPMENT&quot; verbose=&quot;0&quot; name=&quot;Suite&quot;&gt;
  &lt;test thread-count=&quot;5&quot; verbose=&quot;0&quot; name=&quot;Test&quot;&gt;
    &lt;classes&gt;
      &lt;class name=&quot;testCase_ManufacturerFunctionality.viewHondaBikesTest&quot;/&gt;
      &lt;class name=&quot;testCase_loginSignupFunctionality.LoginWithGoogleInvalidPasswordTest&quot;/&gt;
      &lt;class name=&quot;testCase_UpcomingBikesDetails.alertMeLaunchTest&quot;/&gt;
      &lt;class name=&quot;testCase_loginSignupFunctionality.LoginWithFacebookInvalidEmailTest&quot;/&gt;
      &lt;class name=&quot;testCase_UsedCarsFunctionality.usedCarsTabVisibleTest&quot;/&gt;
      &lt;class name=&quot;testCase_ManufacturerFunctionality.manufacturerDropdownVisibleTest&quot;/&gt;
      &lt;class name=&quot;testCase_UsedCarsFunctionality.viewSellerDetailsTest&quot;/&gt;
      &lt;class name=&quot;testCase_NewBikesFunctionality.upcomingBikesUnder4LakhTest&quot;/&gt;
      &lt;class name=&quot;testCase_loginSignupFunctionality.loginSignupClickTest&quot;/&gt;
      &lt;class name=&quot;testCase_loginSignupFunctionality.loginSignupDisplayedTest&quot;/&gt;
      &lt;class name=&quot;testCase_UsedCarsFunctionality.usedCarsChennaiVisibilityTest&quot;/&gt;
      &lt;class name=&quot;testCase_UpcomingBikesDetails.nameUpcomingBikesTest&quot;/&gt;
      &lt;class name=&quot;testCase_UsedCarsFunctionality.usedCarsPopularModelsTest&quot;/&gt;
      &lt;class name=&quot;testCase_loginSignupFunctionality.LoginWithFacebookInvalidPasswordTest&quot;/&gt;
      &lt;class name=&quot;testCase_loginSignupFunctionality.LoginWithGoogleInvalidEmailTest&quot;/&gt;
      &lt;class name=&quot;testCase_ManufacturerFunctionality.hondaVisibilityTest&quot;/&gt;
      &lt;class name=&quot;testCase_UpcomingBikesDetails.priceUpcomingBikesTest&quot;/&gt;
      &lt;class name=&quot;testCase_NewBikesFunctionality.newBikesTabVisibleTest&quot;/&gt;
      &lt;class name=&quot;testCase_UpcomingBikesDetails.launchDateUpcomingBikesTest&quot;/&gt;
      &lt;class name=&quot;testCase_NewBikesFunctionality.upcomingBikesVisibilityTest&quot;/&gt;
      &lt;class name=&quot;testingbuild.test1&quot;/&gt;
      &lt;class name=&quot;testCase_loginSignupFunctionality.loginSignupGoogleClickTest&quot;/&gt;
    &lt;/classes&gt;
  &lt;/test&gt; &lt;!-- Test --&gt;
&lt;/suite&gt; &lt;!-- Suite --&gt;
            </pre>
          </div> <!-- main-panel-content rounded-window-bottom -->
        </div> <!-- panel -->
        <div panel-name="testlist-Suite" class="panel">
          <div class="main-panel-header rounded-window-top">
            <span class="header-content">Tests for Suite</span>
          </div> <!-- main-panel-header rounded-window-top -->
          <div class="main-panel-content rounded-window-bottom">
            <ul>
              <li>
                <span class="test-name">Test (22 classes)</span>
              </li>
            </ul>
          </div> <!-- main-panel-content rounded-window-bottom -->
        </div> <!-- panel -->
        <div panel-name="group-Suite" class="panel">
          <div class="main-panel-header rounded-window-top">
            <span class="header-content">Groups for Suite</span>
          </div> <!-- main-panel-header rounded-window-top -->
          <div class="main-panel-content rounded-window-bottom">
          </div> <!-- main-panel-content rounded-window-bottom -->
        </div> <!-- panel -->
        <div panel-name="times-Suite" class="panel">
          <div class="main-panel-header rounded-window-top">
            <span class="header-content">Times for Suite</span>
          </div> <!-- main-panel-header rounded-window-top -->
          <div class="main-panel-content rounded-window-bottom">
            <div class="times-div">
              <script type="text/javascript">
suiteTableInitFunctions.push('tableData_Suite');
function tableData_Suite() {
var data = new google.visualization.DataTable();
data.addColumn('number', 'Number');
data.addColumn('string', 'Method');
data.addColumn('string', 'Class');
data.addColumn('number', 'Time (ms)');
data.addRows(22);
data.setCell(0, 0, 0)
data.setCell(0, 1, 'launchDateHondaBikesVisbleTest')
data.setCell(0, 2, 'testCase_UpcomingBikesDetails.launchDateUpcomingBikesTest')
data.setCell(0, 3, 59503);
data.setCell(1, 0, 1)
data.setCell(1, 1, 'priceHondaBikesVisbleTest')
data.setCell(1, 2, 'testCase_UpcomingBikesDetails.priceUpcomingBikesTest')
data.setCell(1, 3, 54848);
data.setCell(2, 0, 2)
data.setCell(2, 1, 'usedCarsPopularModelTest')
data.setCell(2, 2, 'testCase_UsedCarsFunctionality.usedCarsPopularModelsTest')
data.setCell(2, 3, 48833);
data.setCell(3, 0, 3)
data.setCell(3, 1, 'nameHondaBikesVisbleTest')
data.setCell(3, 2, 'testCase_UpcomingBikesDetails.nameUpcomingBikesTest')
data.setCell(3, 3, 47341);
data.setCell(4, 0, 4)
data.setCell(4, 1, 'FacebookInvalidPasswordLoginTest')
data.setCell(4, 2, 'testCase_loginSignupFunctionality.LoginWithFacebookInvalidPasswordTest')
data.setCell(4, 3, 37919);
data.setCell(5, 0, 5)
data.setCell(5, 1, 'GoogleInvalidEmailLoginTest')
data.setCell(5, 2, 'testCase_loginSignupFunctionality.LoginWithGoogleInvalidEmailTest')
data.setCell(5, 3, 37838);
data.setCell(6, 0, 6)
data.setCell(6, 1, 'upcomingBikesTest')
data.setCell(6, 2, 'testCase_NewBikesFunctionality.upcomingBikesUnder4LakhTest')
data.setCell(6, 3, 32933);
data.setCell(7, 0, 7)
data.setCell(7, 1, 'loginGoogleClickTest')
data.setCell(7, 2, 'testCase_loginSignupFunctionality.loginSignupGoogleClickTest')
data.setCell(7, 3, 29699);
data.setCell(8, 0, 8)
data.setCell(8, 1, 'hondaVisibleTest')
data.setCell(8, 2, 'testCase_ManufacturerFunctionality.hondaVisibilityTest')
data.setCell(8, 3, 27924);
data.setCell(9, 0, 9)
data.setCell(9, 1, 'manufacturerVisbleTest')
data.setCell(9, 2, 'testCase_ManufacturerFunctionality.manufacturerDropdownVisibleTest')
data.setCell(9, 3, 25937);
data.setCell(10, 0, 10)
data.setCell(10, 1, 'loginSignUpClickTest')
data.setCell(10, 2, 'testCase_loginSignupFunctionality.loginSignupClickTest')
data.setCell(10, 3, 24745);
data.setCell(11, 0, 11)
data.setCell(11, 1, 'GoogleInvalidPasswordTest')
data.setCell(11, 2, 'testCase_loginSignupFunctionality.LoginWithGoogleInvalidPasswordTest')
data.setCell(11, 3, 24510);
data.setCell(12, 0, 12)
data.setCell(12, 1, 'usedCarsViewSellerTest')
data.setCell(12, 2, 'testCase_UsedCarsFunctionality.viewSellerDetailsTest')
data.setCell(12, 3, 23609);
data.setCell(13, 0, 13)
data.setCell(13, 1, 'upcommingBikesVisibleTest')
data.setCell(13, 2, 'testCase_NewBikesFunctionality.upcomingBikesVisibilityTest')
data.setCell(13, 3, 22491);
data.setCell(14, 0, 14)
data.setCell(14, 1, 'bikeHondaVisbleTest')
data.setCell(14, 2, 'testCase_ManufacturerFunctionality.viewHondaBikesTest')
data.setCell(14, 3, 20288);
data.setCell(15, 0, 15)
data.setCell(15, 1, 'logSignVisibilityTest')
data.setCell(15, 2, 'testCase_loginSignupFunctionality.loginSignupDisplayedTest')
data.setCell(15, 3, 19365);
data.setCell(16, 0, 16)
data.setCell(16, 1, 'newBikesVisibleTest')
data.setCell(16, 2, 'testCase_NewBikesFunctionality.newBikesTabVisibleTest')
data.setCell(16, 3, 18863);
data.setCell(17, 0, 17)
data.setCell(17, 1, 'alertMeTest')
data.setCell(17, 2, 'testCase_UpcomingBikesDetails.alertMeLaunchTest')
data.setCell(17, 3, 18672);
data.setCell(18, 0, 18)
data.setCell(18, 1, 'usedCarsVisibleTest')
data.setCell(18, 2, 'testCase_UsedCarsFunctionality.usedCarsTabVisibleTest')
data.setCell(18, 3, 16795);
data.setCell(19, 0, 19)
data.setCell(19, 1, 'FacebookInvalidEmailLoginTest')
data.setCell(19, 2, 'testCase_loginSignupFunctionality.LoginWithFacebookInvalidEmailTest')
data.setCell(19, 3, 16689);
data.setCell(20, 0, 20)
data.setCell(20, 1, 'usedCarsChennaiVisibleTest')
data.setCell(20, 2, 'testCase_UsedCarsFunctionality.usedCarsChennaiVisibilityTest')
data.setCell(20, 3, 576);
data.setCell(21, 0, 21)
data.setCell(21, 1, 'test')
data.setCell(21, 2, 'testingbuild.test1')
data.setCell(21, 3, 0);
window.suiteTableData['Suite']= { tableData: data, tableDiv: 'times-div-Suite'}
return data;
}
              </script>
              <span class="suite-total-time">Total running time: 10 minutes</span>
              <div id="times-div-Suite">
              </div> <!-- times-div-Suite -->
            </div> <!-- times-div -->
          </div> <!-- main-panel-content rounded-window-bottom -->
        </div> <!-- panel -->
        <div panel-name="reporter-Suite" class="panel">
          <div class="main-panel-header rounded-window-top">
            <span class="header-content">Reporter output for Suite</span>
          </div> <!-- main-panel-header rounded-window-top -->
          <div class="main-panel-content rounded-window-bottom">
          </div> <!-- main-panel-content rounded-window-bottom -->
        </div> <!-- panel -->
        <div panel-name="ignored-methods-Suite" class="panel">
          <div class="main-panel-header rounded-window-top">
            <span class="header-content">0 ignored methods</span>
          </div> <!-- main-panel-header rounded-window-top -->
          <div class="main-panel-content rounded-window-bottom">
          </div> <!-- main-panel-content rounded-window-bottom -->
        </div> <!-- panel -->
        <div panel-name="chronological-Suite" class="panel">
          <div class="main-panel-header rounded-window-top">
            <span class="header-content">Methods in chronological order</span>
          </div> <!-- main-panel-header rounded-window-top -->
          <div class="main-panel-content rounded-window-bottom">
            <div class="chronological-class">
              <div class="chronological-class-name">testCase_ManufacturerFunctionality.viewHondaBikesTest</div> <!-- chronological-class-name -->
              <div class="configuration-method before">
                <span class="method-name">invokeBrowser</span>
                <span class="method-start">0 ms</span>
              </div> <!-- configuration-method before -->
              <div class="test-method">
                <img src="failed.png">
                </img>
                <span class="method-name">bikeHondaVisbleTest</span>
                <span class="method-start">6038 ms</span>
              </div> <!-- test-method -->
              <div class="configuration-method after">
                <span class="method-name">flushReports</span>
                <span class="method-start">26343 ms</span>
              </div> <!-- configuration-method after -->
            </div> <!-- chronological-class -->
            <div class="chronological-class">
              <div class="chronological-class-name">testCase_loginSignupFunctionality.LoginWithGoogleInvalidPasswordTest</div> <!-- chronological-class-name -->
              <div class="configuration-method before">
                <span class="method-name">invokeBrowser</span>
                <span class="method-start">30090 ms</span>
              </div> <!-- configuration-method before -->
              <div class="test-method">
                <img src="failed.png">
                </img>
                <span class="method-name">GoogleInvalidPasswordTest({Password=abcd123, Comment=Invalid Password, Email=1802652.it.cec@cgc.edu.in})</span>
                <span class="method-start">35943 ms</span>
              </div> <!-- test-method -->
              <div class="configuration-method after">
                <span class="method-name">flushReports</span>
                <span class="method-start">60470 ms</span>
              </div> <!-- configuration-method after -->
            </div> <!-- chronological-class -->
            <div class="chronological-class">
              <div class="chronological-class-name">testCase_UpcomingBikesDetails.alertMeLaunchTest</div> <!-- chronological-class-name -->
              <div class="configuration-method before">
                <span class="method-name">invokeBrowser</span>
                <span class="method-start">61555 ms</span>
              </div> <!-- configuration-method before -->
              <div class="test-method">
                <img src="failed.png">
                </img>
                <span class="method-name">alertMeTest</span>
                <span class="method-start">65662 ms</span>
              </div> <!-- test-method -->
              <div class="configuration-method after">
                <span class="method-name">flushReports</span>
                <span class="method-start">84335 ms</span>
              </div> <!-- configuration-method after -->
            </div> <!-- chronological-class -->
            <div class="chronological-class">
              <div class="chronological-class-name">testCase_loginSignupFunctionality.LoginWithFacebookInvalidEmailTest</div> <!-- chronological-class-name -->
              <div class="configuration-method before">
                <span class="method-name">invokeBrowser</span>
                <span class="method-start">85674 ms</span>
              </div> <!-- configuration-method before -->
              <div class="test-method">
                <img src="failed.png">
                </img>
                <span class="method-name">FacebookInvalidEmailLoginTest({Password=test123, Comment=Invalid Email, Email=abcd@gmail.com})</span>
                <span class="method-start">89450 ms</span>
              </div> <!-- test-method -->
              <div class="configuration-method after">
                <span class="method-name">flushReports</span>
                <span class="method-start">106140 ms</span>
              </div> <!-- configuration-method after -->
            </div> <!-- chronological-class -->
            <div class="chronological-class">
              <div class="chronological-class-name">testCase_UsedCarsFunctionality.usedCarsTabVisibleTest</div> <!-- chronological-class-name -->
              <div class="configuration-method before">
                <span class="method-name">invokeBrowser</span>
                <span class="method-start">107039 ms</span>
              </div> <!-- configuration-method before -->
              <div class="test-method">
                <img src="failed.png">
                </img>
                <span class="method-name">usedCarsVisibleTest</span>
                <span class="method-start">110230 ms</span>
              </div> <!-- test-method -->
              <div class="configuration-method after">
                <span class="method-name">flushReports</span>
                <span class="method-start">127027 ms</span>
              </div> <!-- configuration-method after -->
            </div> <!-- chronological-class -->
            <div class="chronological-class">
              <div class="chronological-class-name">testCase_ManufacturerFunctionality.manufacturerDropdownVisibleTest</div> <!-- chronological-class-name -->
              <div class="configuration-method before">
                <span class="method-name">invokeBrowser</span>
                <span class="method-start">128032 ms</span>
              </div> <!-- configuration-method before -->
              <div class="test-method">
                <img src="failed.png">
                </img>
                <span class="method-name">manufacturerVisbleTest</span>
                <span class="method-start">131100 ms</span>
              </div> <!-- test-method -->
              <div class="configuration-method after">
                <span class="method-name">flushReports</span>
                <span class="method-start">157043 ms</span>
              </div> <!-- configuration-method after -->
            </div> <!-- chronological-class -->
            <div class="chronological-class">
              <div class="chronological-class-name">testCase_UsedCarsFunctionality.viewSellerDetailsTest</div> <!-- chronological-class-name -->
              <div class="configuration-method before">
                <span class="method-name">invokeBrowser</span>
                <span class="method-start">158097 ms</span>
              </div> <!-- configuration-method before -->
              <div class="test-method">
                <img src="failed.png">
                </img>
                <span class="method-name">usedCarsViewSellerTest</span>
                <span class="method-start">161580 ms</span>
              </div> <!-- test-method -->
              <div class="configuration-method after">
                <span class="method-name">flushReports</span>
                <span class="method-start">185190 ms</span>
              </div> <!-- configuration-method after -->
            </div> <!-- chronological-class -->
            <div class="chronological-class">
              <div class="chronological-class-name">testCase_NewBikesFunctionality.upcomingBikesUnder4LakhTest</div> <!-- chronological-class-name -->
              <div class="configuration-method before">
                <span class="method-name">invokeBrowser</span>
                <span class="method-start">186151 ms</span>
              </div> <!-- configuration-method before -->
              <div class="test-method">
                <img src="failed.png">
                </img>
                <span class="method-name">upcomingBikesTest</span>
                <span class="method-start">190038 ms</span>
              </div> <!-- test-method -->
              <div class="configuration-method after">
                <span class="method-name">flushReports</span>
                <span class="method-start">222972 ms</span>
              </div> <!-- configuration-method after -->
            </div> <!-- chronological-class -->
            <div class="chronological-class">
              <div class="chronological-class-name">testCase_loginSignupFunctionality.loginSignupClickTest</div> <!-- chronological-class-name -->
              <div class="configuration-method before">
                <span class="method-name">invokeBrowser</span>
                <span class="method-start">224051 ms</span>
              </div> <!-- configuration-method before -->
              <div class="test-method">
                <img src="failed.png">
                </img>
                <span class="method-name">loginSignUpClickTest</span>
                <span class="method-start">228306 ms</span>
              </div> <!-- test-method -->
              <div class="configuration-method after">
                <span class="method-name">flushReports</span>
                <span class="method-start">253052 ms</span>
              </div> <!-- configuration-method after -->
            </div> <!-- chronological-class -->
            <div class="chronological-class">
              <div class="chronological-class-name">testCase_loginSignupFunctionality.loginSignupDisplayedTest</div> <!-- chronological-class-name -->
              <div class="configuration-method before">
                <span class="method-name">invokeBrowser</span>
                <span class="method-start">254681 ms</span>
              </div> <!-- configuration-method before -->
              <div class="test-method">
                <img src="failed.png">
                </img>
                <span class="method-name">logSignVisibilityTest</span>
                <span class="method-start">261174 ms</span>
              </div> <!-- test-method -->
              <div class="configuration-method after">
                <span class="method-name">flushReports</span>
                <span class="method-start">280540 ms</span>
              </div> <!-- configuration-method after -->
            </div> <!-- chronological-class -->
            <div class="chronological-class">
              <div class="chronological-class-name">testCase_UsedCarsFunctionality.usedCarsChennaiVisibilityTest</div> <!-- chronological-class-name -->
              <div class="configuration-method before">
                <span class="method-name">invokeBrowser</span>
                <span class="method-start">281343 ms</span>
              </div> <!-- configuration-method before -->
              <div class="test-method">
                <img src="failed.png">
                </img>
                <span class="method-name">usedCarsChennaiVisibleTest</span>
                <span class="method-start">286394 ms</span>
              </div> <!-- test-method -->
              <div class="configuration-method after">
                <span class="method-name">flushReports</span>
                <span class="method-start">286970 ms</span>
              </div> <!-- configuration-method after -->
            </div> <!-- chronological-class -->
            <div class="chronological-class">
              <div class="chronological-class-name">testCase_UpcomingBikesDetails.nameUpcomingBikesTest</div> <!-- chronological-class-name -->
              <div class="configuration-method before">
                <span class="method-name">invokeBrowser</span>
                <span class="method-start">288182 ms</span>
              </div> <!-- configuration-method before -->
              <div class="test-method">
                <img src="failed.png">
                </img>
                <span class="method-name">nameHondaBikesVisbleTest</span>
                <span class="method-start">293922 ms</span>
              </div> <!-- test-method -->
              <div class="configuration-method after">
                <span class="method-name">flushReports</span>
                <span class="method-start">341264 ms</span>
              </div> <!-- configuration-method after -->
            </div> <!-- chronological-class -->
            <div class="chronological-class">
              <div class="chronological-class-name">testCase_UsedCarsFunctionality.usedCarsPopularModelsTest</div> <!-- chronological-class-name -->
              <div class="configuration-method before">
                <span class="method-name">invokeBrowser</span>
                <span class="method-start">343350 ms</span>
              </div> <!-- configuration-method before -->
              <div class="test-method">
                <span class="method-name">usedCarsPopularModelTest</span>
                <span class="method-start">352154 ms</span>
              </div> <!-- test-method -->
              <div class="configuration-method after">
                <span class="method-name">flushReports</span>
                <span class="method-start">400987 ms</span>
              </div> <!-- configuration-method after -->
            </div> <!-- chronological-class -->
            <div class="chronological-class">
              <div class="chronological-class-name">testCase_loginSignupFunctionality.LoginWithFacebookInvalidPasswordTest</div> <!-- chronological-class-name -->
              <div class="configuration-method before">
                <span class="method-name">invokeBrowser</span>
                <span class="method-start">402837 ms</span>
              </div> <!-- configuration-method before -->
              <div class="test-method">
                <span class="method-name">FacebookInvalidPasswordLoginTest({Password=test123, Comment=Invalid Password, Email=dipender})</span>
                <span class="method-start">406251 ms</span>
              </div> <!-- test-method -->
              <div class="configuration-method after">
                <span class="method-name">flushReports</span>
                <span class="method-start">444170 ms</span>
              </div> <!-- configuration-method after -->
            </div> <!-- chronological-class -->
            <div class="chronological-class">
              <div class="chronological-class-name">testCase_loginSignupFunctionality.LoginWithGoogleInvalidEmailTest</div> <!-- chronological-class-name -->
              <div class="configuration-method before">
                <span class="method-name">invokeBrowser</span>
                <span class="method-start">445901 ms</span>
              </div> <!-- configuration-method before -->
              <div class="test-method">
                <span class="method-name">GoogleInvalidEmailLoginTest({Password=abcd123, Comment=Invalid Email, Email=abcgmail.com})</span>
                <span class="method-start">450289 ms</span>
              </div> <!-- test-method -->
              <div class="configuration-method after">
                <span class="method-name">flushReports</span>
                <span class="method-start">488127 ms</span>
              </div> <!-- configuration-method after -->
            </div> <!-- chronological-class -->
            <div class="chronological-class">
              <div class="chronological-class-name">testCase_ManufacturerFunctionality.hondaVisibilityTest</div> <!-- chronological-class-name -->
              <div class="configuration-method before">
                <span class="method-name">invokeBrowser</span>
                <span class="method-start">489677 ms</span>
              </div> <!-- configuration-method before -->
              <div class="test-method">
                <span class="method-name">hondaVisibleTest</span>
                <span class="method-start">493503 ms</span>
              </div> <!-- test-method -->
              <div class="configuration-method after">
                <span class="method-name">flushReports</span>
                <span class="method-start">521427 ms</span>
              </div> <!-- configuration-method after -->
            </div> <!-- chronological-class -->
            <div class="chronological-class">
              <div class="chronological-class-name">testCase_UpcomingBikesDetails.priceUpcomingBikesTest</div> <!-- chronological-class-name -->
              <div class="configuration-method before">
                <span class="method-name">invokeBrowser</span>
                <span class="method-start">524004 ms</span>
              </div> <!-- configuration-method before -->
              <div class="test-method">
                <span class="method-name">priceHondaBikesVisbleTest</span>
                <span class="method-start">528462 ms</span>
              </div> <!-- test-method -->
              <div class="configuration-method after">
                <span class="method-name">flushReports</span>
                <span class="method-start">583311 ms</span>
              </div> <!-- configuration-method after -->
            </div> <!-- chronological-class -->
            <div class="chronological-class">
              <div class="chronological-class-name">testCase_NewBikesFunctionality.newBikesTabVisibleTest</div> <!-- chronological-class-name -->
              <div class="configuration-method before">
                <span class="method-name">invokeBrowser</span>
                <span class="method-start">585531 ms</span>
              </div> <!-- configuration-method before -->
              <div class="test-method">
                <span class="method-name">newBikesVisibleTest</span>
                <span class="method-start">590252 ms</span>
              </div> <!-- test-method -->
              <div class="configuration-method after">
                <span class="method-name">flushReports</span>
                <span class="method-start">609115 ms</span>
              </div> <!-- configuration-method after -->
            </div> <!-- chronological-class -->
            <div class="chronological-class">
              <div class="chronological-class-name">testCase_UpcomingBikesDetails.launchDateUpcomingBikesTest</div> <!-- chronological-class-name -->
              <div class="configuration-method before">
                <span class="method-name">invokeBrowser</span>
                <span class="method-start">610886 ms</span>
              </div> <!-- configuration-method before -->
              <div class="test-method">
                <span class="method-name">launchDateHondaBikesVisbleTest</span>
                <span class="method-start">615130 ms</span>
              </div> <!-- test-method -->
              <div class="configuration-method after">
                <span class="method-name">flushReports</span>
                <span class="method-start">674633 ms</span>
              </div> <!-- configuration-method after -->
            </div> <!-- chronological-class -->
            <div class="chronological-class">
              <div class="chronological-class-name">testCase_NewBikesFunctionality.upcomingBikesVisibilityTest</div> <!-- chronological-class-name -->
              <div class="configuration-method before">
                <span class="method-name">invokeBrowser</span>
                <span class="method-start">676687 ms</span>
              </div> <!-- configuration-method before -->
              <div class="test-method">
                <span class="method-name">upcommingBikesVisibleTest</span>
                <span class="method-start">680740 ms</span>
              </div> <!-- test-method -->
              <div class="configuration-method after">
                <span class="method-name">flushReports</span>
                <span class="method-start">703231 ms</span>
              </div> <!-- configuration-method after -->
            </div> <!-- chronological-class -->
            <div class="chronological-class">
              <div class="chronological-class-name">testingbuild.test1</div> <!-- chronological-class-name -->
              <div class="test-method">
                <span class="method-name">test</span>
                <span class="method-start">704820 ms</span>
              </div> <!-- test-method -->
            </div> <!-- chronological-class -->
            <div class="chronological-class">
              <div class="chronological-class-name">testCase_loginSignupFunctionality.loginSignupGoogleClickTest</div> <!-- chronological-class-name -->
              <div class="configuration-method before">
                <span class="method-name">invokeBrowser</span>
                <span class="method-start">704823 ms</span>
              </div> <!-- configuration-method before -->
              <div class="test-method">
                <span class="method-name">loginGoogleClickTest</span>
                <span class="method-start">708406 ms</span>
              </div> <!-- test-method -->
              <div class="configuration-method after">
                <span class="method-name">flushReports</span>
                <span class="method-start">738105 ms</span>
              </div> <!-- configuration-method after -->
          </div> <!-- main-panel-content rounded-window-bottom -->
        </div> <!-- panel -->
      </div> <!-- main-panel-root -->
    </div> <!-- wrapper -->
  </body>
<script type="text/javascript" src="testng-reports2.js"></script>
</html>
